Arguments: 
  C:\Program Files\nodejs\node.exe C:\Users\dell\AppData\Roaming\npm\node_modules\yarn\bin\yarn.js add —-save puppeteer

PATH: 
  C:\Program Files\Common Files\Oracle\Java\javapath;C:\Windows\system32;C:\Windows;C:\Windows\System32\Wbem;C:\Windows\System32\WindowsPowerShell\v1.0\;C:\Windows\System32\OpenSSH\;C:\Program Files\Git\cmd;C:\Program Files\nodejs\;C:\Program Files\Docker\Docker\resources\bin;C:\ProgramData\DockerDesktop\version-bin;C:\ProgramData\chocolatey\bin;C:\Program Files\dotnet\;C:\Program Files\Microsoft SQL Server\150\Tools\Binn\;C:\Program Files\Microsoft SQL Server\Client SDK\ODBC\170\Tools\Binn\;C:\Users\dell\AppData\Local\Microsoft\WindowsApps;C:\Users\dell\AppData\Local\Programs\Microsoft VS Code\bin;C:\Program Files\MongoDB\Server\5.0\bin;C:\Program Files\Java\jdk-17.0.2\bin;C:\Users\dell\AppData\Local\Android\Sdk\platform-tools;C:\Users\dell\AppData\Roaming\npm;C:\Users\dell\.dotnet\tools;C:\Users\dell\AppData\Local\Programs\oh-my-posh\bin;C:\ffmpeg\bin;

Yarn version: 
  1.22.18

Node version: 
  16.15.0

Platform: 
  win32 x64

Trace: 
  TypeError [ERR_UNESCAPED_CHARACTERS]: https://registry.yarnpkg.com/—-save: Request path contains unescaped characters
      at new NodeError (node:internal/errors:372:5)
      at new ClientRequest (node:_http_client:160:13)
      at Object.request (node:https:353:10)
      at Request.module.exports.Request.start (C:\Users\dell\AppData\Roaming\npm\node_modules\yarn\lib\cli.js:141445:32)
      at Request.module.exports.Request.end (C:\Users\dell\AppData\Roaming\npm\node_modules\yarn\lib\cli.js:142204:10)
      at end (C:\Users\dell\AppData\Roaming\npm\node_modules\yarn\lib\cli.js:141258:14)
      at Immediate.<anonymous> (C:\Users\dell\AppData\Roaming\npm\node_modules\yarn\lib\cli.js:141272:7)
      at processImmediate (node:internal/timers:466:21)

npm manifest: 
  {
    "name": "bot",
    "version": "1.0.0",
    "description": "bot to fetch the hackathon and popular blogpost from internet.",
    "main": "index.js",
    "author": "rajesh, utsav",
    "license": "MIT",
    "dependencies": {
      "mongoose": "^6.9.0",
      "puppeteer": "^19.6.3"
    },
    "devDependencies": {
      "dotenv": "^16.0.3"
    }
  }

yarn manifest: 
  No manifest

Lockfile: 
  # THIS IS AN AUTOGENERATED FILE. DO NOT EDIT THIS FILE DIRECTLY.
  # yarn lockfile v1
  
  
  "@aws-crypto/ie11-detection@^3.0.0":
    version "3.0.0"
    resolved "https://registry.yarnpkg.com/@aws-crypto/ie11-detection/-/ie11-detection-3.0.0.tgz#640ae66b4ec3395cee6a8e94ebcd9f80c24cd688"
    integrity sha512-341lBBkiY1DfDNKai/wXM3aujNBkXR7tq1URPQDL9wi3AUbI80NR74uF1TXHMm7po1AcnFk8iu2S2IeU/+/A+Q==
    dependencies:
      tslib "^1.11.1"
  
  "@aws-crypto/sha256-browser@3.0.0":
    version "3.0.0"
    resolved "https://registry.yarnpkg.com/@aws-crypto/sha256-browser/-/sha256-browser-3.0.0.tgz#05f160138ab893f1c6ba5be57cfd108f05827766"
    integrity sha512-8VLmW2B+gjFbU5uMeqtQM6Nj0/F1bro80xQXCW6CQBWgosFWXTx77aeOF5CAIAmbOK64SdMBJdNr6J41yP5mvQ==
    dependencies:
      "@aws-crypto/ie11-detection" "^3.0.0"
      "@aws-crypto/sha256-js" "^3.0.0"
      "@aws-crypto/supports-web-crypto" "^3.0.0"
      "@aws-crypto/util" "^3.0.0"
      "@aws-sdk/types" "^3.222.0"
      "@aws-sdk/util-locate-window" "^3.0.0"
      "@aws-sdk/util-utf8-browser" "^3.0.0"
      tslib "^1.11.1"
  
  "@aws-crypto/sha256-js@3.0.0", "@aws-crypto/sha256-js@^3.0.0":
    version "3.0.0"
    resolved "https://registry.yarnpkg.com/@aws-crypto/sha256-js/-/sha256-js-3.0.0.tgz#f06b84d550d25521e60d2a0e2a90139341e007c2"
    integrity sha512-PnNN7os0+yd1XvXAy23CFOmTbMaDxgxXtTKHybrJ39Y8kGzBATgBFibWJKH6BhytLI/Zyszs87xCOBNyBig6vQ==
    dependencies:
      "@aws-crypto/util" "^3.0.0"
      "@aws-sdk/types" "^3.222.0"
      tslib "^1.11.1"
  
  "@aws-crypto/supports-web-crypto@^3.0.0":
    version "3.0.0"
    resolved "https://registry.yarnpkg.com/@aws-crypto/supports-web-crypto/-/supports-web-crypto-3.0.0.tgz#5d1bf825afa8072af2717c3e455f35cda0103ec2"
    integrity sha512-06hBdMwUAb2WFTuGG73LSC0wfPu93xWwo5vL2et9eymgmu3Id5vFAHBbajVWiGhPO37qcsdCap/FqXvJGJWPIg==
    dependencies:
      tslib "^1.11.1"
  
  "@aws-crypto/util@^3.0.0":
    version "3.0.0"
    resolved "https://registry.yarnpkg.com/@aws-crypto/util/-/util-3.0.0.tgz#1c7ca90c29293f0883468ad48117937f0fe5bfb0"
    integrity sha512-2OJlpeJpCR48CC8r+uKVChzs9Iungj9wkZrl8Z041DWEWvyIHILYKCPNzJghKsivj+S3mLo6BVc7mBNzdxA46w==
    dependencies:
      "@aws-sdk/types" "^3.222.0"
      "@aws-sdk/util-utf8-browser" "^3.0.0"
      tslib "^1.11.1"
  
  "@aws-sdk/abort-controller@3.257.0":
    version "3.257.0"
    resolved "https://registry.yarnpkg.com/@aws-sdk/abort-controller/-/abort-controller-3.257.0.tgz#a9039bd9c409defbbeb7bafef3a1b206fbfedad1"
    integrity sha512-ekWy391lOerS0ZECdhp/c+X7AToJIpfNrCPjuj3bKr+GMQYckGsYsdbm6AUD4sxBmfvuaQmVniSXWovaxwcFcQ==
    dependencies:
      "@aws-sdk/types" "3.257.0"
      tslib "^2.3.1"
  
  "@aws-sdk/client-cognito-identity@3.264.0":
    version "3.264.0"
    resolved "https://registry.yarnpkg.com/@aws-sdk/client-cognito-identity/-/client-cognito-identity-3.264.0.tgz#9b5d85c0c3d46c2f68df10d005659b6f31cd42cc"
    integrity sha512-afOpX6/xKLKRjkbgzfuy9fxCVP+LXCiirjBxhEtpUbKjVOwvShbQXfCPDlG40s5HF485mmR9t0KADoy0El5WsA==
    dependencies:
      "@aws-crypto/sha256-browser" "3.0.0"
      "@aws-crypto/sha256-js" "3.0.0"
      "@aws-sdk/client-sts" "3.264.0"
      "@aws-sdk/config-resolver" "3.259.0"
      "@aws-sdk/credential-provider-node" "3.264.0"
      "@aws-sdk/fetch-http-handler" "3.257.0"
      "@aws-sdk/hash-node" "3.257.0"
      "@aws-sdk/invalid-dependency" "3.257.0"
      "@aws-sdk/middleware-content-length" "3.257.0"
      "@aws-sdk/middleware-endpoint" "3.264.0"
      "@aws-sdk/middleware-host-header" "3.257.0"
      "@aws-sdk/middleware-logger" "3.257.0"
      "@aws-sdk/middleware-recursion-detection" "3.257.0"
      "@aws-sdk/middleware-retry" "3.259.0"
      "@aws-sdk/middleware-serde" "3.257.0"
      "@aws-sdk/middleware-signing" "3.257.0"
      "@aws-sdk/middleware-stack" "3.257.0"
      "@aws-sdk/middleware-user-agent" "3.257.0"
      "@aws-sdk/node-config-provider" "3.259.0"
      "@aws-sdk/node-http-handler" "3.257.0"
      "@aws-sdk/protocol-http" "3.257.0"
      "@aws-sdk/smithy-client" "3.261.0"
      "@aws-sdk/types" "3.257.0"
      "@aws-sdk/url-parser" "3.257.0"
      "@aws-sdk/util-base64" "3.208.0"
      "@aws-sdk/util-body-length-browser" "3.188.0"
      "@aws-sdk/util-body-length-node" "3.208.0"
      "@aws-sdk/util-defaults-mode-browser" "3.261.0"
      "@aws-sdk/util-defaults-mode-node" "3.261.0"
      "@aws-sdk/util-endpoints" "3.257.0"
      "@aws-sdk/util-retry" "3.257.0"
      "@aws-sdk/util-user-agent-browser" "3.257.0"
      "@aws-sdk/util-user-agent-node" "3.259.0"
      "@aws-sdk/util-utf8" "3.254.0"
      tslib "^2.3.1"
  
  "@aws-sdk/client-sso-oidc@3.264.0":
    version "3.264.0"
    resolved "https://registry.yarnpkg.com/@aws-sdk/client-sso-oidc/-/client-sso-oidc-3.264.0.tgz#186fff770e75d1ef72f39a2ab75c49919df92993"
    integrity sha512-82hGEbfsD4lBGIF1q8o82jTNSgBCcBpfFsvA+ltZf0bh4ChIWOi4vVvg8G+zVQN1mm/Rj8vWYO/D0tNF8OSyWw==
    dependencies:
      "@aws-crypto/sha256-browser" "3.0.0"
      "@aws-crypto/sha256-js" "3.0.0"
      "@aws-sdk/config-resolver" "3.259.0"
      "@aws-sdk/fetch-http-handler" "3.257.0"
      "@aws-sdk/hash-node" "3.257.0"
      "@aws-sdk/invalid-dependency" "3.257.0"
      "@aws-sdk/middleware-content-length" "3.257.0"
      "@aws-sdk/middleware-endpoint" "3.264.0"
      "@aws-sdk/middleware-host-header" "3.257.0"
      "@aws-sdk/middleware-logger" "3.257.0"
      "@aws-sdk/middleware-recursion-detection" "3.257.0"
      "@aws-sdk/middleware-retry" "3.259.0"
      "@aws-sdk/middleware-serde" "3.257.0"
      "@aws-sdk/middleware-stack" "3.257.0"
      "@aws-sdk/middleware-user-agent" "3.257.0"
      "@aws-sdk/node-config-provider" "3.259.0"
      "@aws-sdk/node-http-handler" "3.257.0"
      "@aws-sdk/protocol-http" "3.257.0"
      "@aws-sdk/smithy-client" "3.261.0"
      "@aws-sdk/types" "3.257.0"
      "@aws-sdk/url-parser" "3.257.0"
      "@aws-sdk/util-base64" "3.208.0"
      "@aws-sdk/util-body-length-browser" "3.188.0"
      "@aws-sdk/util-body-length-node" "3.208.0"
      "@aws-sdk/util-defaults-mode-browser" "3.261.0"
      "@aws-sdk/util-defaults-mode-node" "3.261.0"
      "@aws-sdk/util-endpoints" "3.257.0"
      "@aws-sdk/util-retry" "3.257.0"
      "@aws-sdk/util-user-agent-browser" "3.257.0"
      "@aws-sdk/util-user-agent-node" "3.259.0"
      "@aws-sdk/util-utf8" "3.254.0"
      tslib "^2.3.1"
  
  "@aws-sdk/client-sso@3.264.0":
    version "3.264.0"
    resolved "https://registry.yarnpkg.com/@aws-sdk/client-sso/-/client-sso-3.264.0.tgz#46725fc7bcaa7bbec3475aa4f8a492639f3bf6dd"
    integrity sha512-p+7sYpRcdv9omnnsPhD/vOFuZ1SpfV62ZgistBK/RDsQg2W9SIWQRW1KPt7gOCQ0nwp4efntw4Sle0LjS7ykxg==
    dependencies:
      "@aws-crypto/sha256-browser" "3.0.0"
      "@aws-crypto/sha256-js" "3.0.0"
      "@aws-sdk/config-resolver" "3.259.0"
      "@aws-sdk/fetch-http-handler" "3.257.0"
      "@aws-sdk/hash-node" "3.257.0"
      "@aws-sdk/invalid-dependency" "3.257.0"
      "@aws-sdk/middleware-content-length" "3.257.0"
      "@aws-sdk/middleware-endpoint" "3.264.0"
      "@aws-sdk/middleware-host-header" "3.257.0"
      "@aws-sdk/middleware-logger" "3.257.0"
      "@aws-sdk/middleware-recursion-detection" "3.257.0"
      "@aws-sdk/middleware-retry" "3.259.0"
      "@aws-sdk/middleware-serde" "3.257.0"
      "@aws-sdk/middleware-stack" "3.257.0"
      "@aws-sdk/middleware-user-agent" "3.257.0"
      "@aws-sdk/node-config-provider" "3.259.0"
      "@aws-sdk/node-http-handler" "3.257.0"
      "@aws-sdk/protocol-http" "3.257.0"
      "@aws-sdk/smithy-client" "3.261.0"
      "@aws-sdk/types" "3.257.0"
      "@aws-sdk/url-parser" "3.257.0"
      "@aws-sdk/util-base64" "3.208.0"
      "@aws-sdk/util-body-length-browser" "3.188.0"
      "@aws-sdk/util-body-length-node" "3.208.0"
      "@aws-sdk/util-defaults-mode-browser" "3.261.0"
      "@aws-sdk/util-defaults-mode-node" "3.261.0"
      "@aws-sdk/util-endpoints" "3.257.0"
      "@aws-sdk/util-retry" "3.257.0"
      "@aws-sdk/util-user-agent-browser" "3.257.0"
      "@aws-sdk/util-user-agent-node" "3.259.0"
      "@aws-sdk/util-utf8" "3.254.0"
      tslib "^2.3.1"
  
  "@aws-sdk/client-sts@3.264.0":
    version "3.264.0"
    resolved "https://registry.yarnpkg.com/@aws-sdk/client-sts/-/client-sts-3.264.0.tgz#d8c51a8b535485ee3d49c4d5a8c63ad948443bb0"
    integrity sha512-sco1jREkDdds4Z3V19Vlu/YpBHSzeEt1KFqOPnbjFw7pSakRNzpyWmLLxOwWjwgGKt6pSF3Aw0ZOMYsAUDc5qQ==
    dependencies:
      "@aws-crypto/sha256-browser" "3.0.0"
      "@aws-crypto/sha256-js" "3.0.0"
      "@aws-sdk/config-resolver" "3.259.0"
      "@aws-sdk/credential-provider-node" "3.264.0"
      "@aws-sdk/fetch-http-handler" "3.257.0"
      "@aws-sdk/hash-node" "3.257.0"
      "@aws-sdk/invalid-dependency" "3.257.0"
      "@aws-sdk/middleware-content-length" "3.257.0"
      "@aws-sdk/middleware-endpoint" "3.264.0"
      "@aws-sdk/middleware-host-header" "3.257.0"
      "@aws-sdk/middleware-logger" "3.257.0"
      "@aws-sdk/middleware-recursion-detection" "3.257.0"
      "@aws-sdk/middleware-retry" "3.259.0"
      "@aws-sdk/middleware-sdk-sts" "3.257.0"
      "@aws-sdk/middleware-serde" "3.257.0"
      "@aws-sdk/middleware-signing" "3.257.0"
      "@aws-sdk/middleware-stack" "3.257.0"
      "@aws-sdk/middleware-user-agent" "3.257.0"
      "@aws-sdk/node-config-provider" "3.259.0"
      "@aws-sdk/node-http-handler" "3.257.0"
      "@aws-sdk/protocol-http" "3.257.0"
      "@aws-sdk/smithy-client" "3.261.0"
      "@aws-sdk/types" "3.257.0"
      "@aws-sdk/url-parser" "3.257.0"
      "@aws-sdk/util-base64" "3.208.0"
      "@aws-sdk/util-body-length-browser" "3.188.0"
      "@aws-sdk/util-body-length-node" "3.208.0"
      "@aws-sdk/util-defaults-mode-browser" "3.261.0"
      "@aws-sdk/util-defaults-mode-node" "3.261.0"
      "@aws-sdk/util-endpoints" "3.257.0"
      "@aws-sdk/util-retry" "3.257.0"
      "@aws-sdk/util-user-agent-browser" "3.257.0"
      "@aws-sdk/util-user-agent-node" "3.259.0"
      "@aws-sdk/util-utf8" "3.254.0"
      fast-xml-parser "4.0.11"
      tslib "^2.3.1"
  
  "@aws-sdk/config-resolver@3.259.0":
    version "3.259.0"
    resolved "https://registry.yarnpkg.com/@aws-sdk/config-resolver/-/config-resolver-3.259.0.tgz#b2c17b681f890dbe31bc1670da41ae653a734c84"
    integrity sha512-gViMRsc4Ye6+nzJ0OYTZIT8m4glIAdtugN2Sr/t6P2iJW5X0bSL/EcbcHBgsve1lHjeGPeyzVkT7UnyGOZ5Z/A==
    dependencies:
      "@aws-sdk/signature-v4" "3.257.0"
      "@aws-sdk/types" "3.257.0"
      "@aws-sdk/util-config-provider" "3.208.0"
      "@aws-sdk/util-middleware" "3.257.0"
      tslib "^2.3.1"
  
  "@aws-sdk/credential-provider-cognito-identity@3.264.0":
    version "3.264.0"
    resolved "https://registry.yarnpkg.com/@aws-sdk/credential-provider-cognito-identity/-/credential-provider-cognito-identity-3.264.0.tgz#798fce3a3a79eb813963169b98b6389869be5d22"
    integrity sha512-0L4offTpZJrX4PkoUI5KXPlG3uaofbmew+tgPphKd+ns3tzhLsltPMixS/04J5qXEfwMCHwvDgSpCenKsUo/wg==
    dependencies:
      "@aws-sdk/client-cognito-identity" "3.264.0"
      "@aws-sdk/property-provider" "3.257.0"
      "@aws-sdk/types" "3.257.0"
      tslib "^2.3.1"
  
  "@aws-sdk/credential-provider-env@3.257.0":
    version "3.257.0"
    resolved "https://registry.yarnpkg.com/@aws-sdk/credential-provider-env/-/credential-provider-env-3.257.0.tgz#131d06bafa738c7f2ce2e7ee12c227ff6a414ada"
    integrity sha512-GsmBi5Di6hk1JAi1iB6/LCY8o+GmlCvJoB7wuoVmXI3VxRVwptUVjuj8EtJbIrVGrF9dSuIRPCzUoSuzEzYGlg==
    dependencies:
      "@aws-sdk/property-provider" "3.257.0"
      "@aws-sdk/types" "3.257.0"
      tslib "^2.3.1"
  
  "@aws-sdk/credential-provider-imds@3.259.0":
    version "3.259.0"
    resolved "https://registry.yarnpkg.com/@aws-sdk/credential-provider-imds/-/credential-provider-imds-3.259.0.tgz#23bfa858dd4e97a6d530b9e3b0f4497ab0a0f8c7"
    integrity sha512-yCxoYWZAaDrCUEWxRfrpB0Mp1cFgJEMYW8T6GIb/+DQ5QLpZmorgaVD/j90QXupqFrR5tlxwuskBIkdD2E9YNg==
    dependencies:
      "@aws-sdk/node-config-provider" "3.259.0"
      "@aws-sdk/property-provider" "3.257.0"
      "@aws-sdk/types" "3.257.0"
      "@aws-sdk/url-parser" "3.257.0"
      tslib "^2.3.1"
  
  "@aws-sdk/credential-provider-ini@3.264.0":
    version "3.264.0"
    resolved "https://registry.yarnpkg.com/@aws-sdk/credential-provider-ini/-/credential-provider-ini-3.264.0.tgz#02ee46f7a12ee9fc8ed1f4d53eca12ac4bfa3d27"
    integrity sha512-UU5NNlfn+Go+5PLBzyTH1YE3r/pgykpE4QYFon87sCnEQnQH9xmlRTW1f1cBSQ9kivbFZd2/C2X3qhB3fe2JfA==
    dependencies:
      "@aws-sdk/credential-provider-env" "3.257.0"
      "@aws-sdk/credential-provider-imds" "3.259.0"
      "@aws-sdk/credential-provider-process" "3.257.0"
      "@aws-sdk/credential-provider-sso" "3.264.0"
      "@aws-sdk/credential-provider-web-identity" "3.257.0"
      "@aws-sdk/property-provider" "3.257.0"
      "@aws-sdk/shared-ini-file-loader" "3.257.0"
      "@aws-sdk/types" "3.257.0"
      tslib "^2.3.1"
  
  "@aws-sdk/credential-provider-node@3.264.0":
    version "3.264.0"
    resolved "https://registry.yarnpkg.com/@aws-sdk/credential-provider-node/-/credential-provider-node-3.264.0.tgz#7bbee601805e32b77e54b89d2cac978f1cbdd254"
    integrity sha512-DPzL7oawcILs5Mduim9Z8SVeJaUpaDRVbUIrBHsMBu+N7Zuqtzr+0ckHc1bEi3iYq2QUCk5pH5vpQaZYkMlbtw==
    dependencies:
      "@aws-sdk/credential-provider-env" "3.257.0"
      "@aws-sdk/credential-provider-imds" "3.259.0"
      "@aws-sdk/credential-provider-ini" "3.264.0"
      "@aws-sdk/credential-provider-process" "3.257.0"
      "@aws-sdk/credential-provider-sso" "3.264.0"
      "@aws-sdk/credential-provider-web-identity" "3.257.0"
      "@aws-sdk/property-provider" "3.257.0"
      "@aws-sdk/shared-ini-file-loader" "3.257.0"
      "@aws-sdk/types" "3.257.0"
      tslib "^2.3.1"
  
  "@aws-sdk/credential-provider-process@3.257.0":
    version "3.257.0"
    resolved "https://registry.yarnpkg.com/@aws-sdk/credential-provider-process/-/credential-provider-process-3.257.0.tgz#7fd27f48606ad7c2af375b168c8e38dc938e3162"
    integrity sha512-xK8uYeNXaclaBCGrLi4z2pxPRngqLf5BM5jg2fn57zqvlL9V5gJF972FehrVBL0bfp1/laG0ZJtD2K2sapyWAw==
    dependencies:
      "@aws-sdk/property-provider" "3.257.0"
      "@aws-sdk/shared-ini-file-loader" "3.257.0"
      "@aws-sdk/types" "3.257.0"
      tslib "^2.3.1"
  
  "@aws-sdk/credential-provider-sso@3.264.0":
    version "3.264.0"
    resolved "https://registry.yarnpkg.com/@aws-sdk/credential-provider-sso/-/credential-provider-sso-3.264.0.tgz#70132bbf4a6b71c484496ec89d006c3b19762e44"
    integrity sha512-CJuAlqIIJap6LXoqimvEAnYZ7Kb5pTbiS3e+aY+fajO3OPujmQpHuiY8kOmscjwZ4ErJdEskivcTGwXph0dPZQ==
    dependencies:
      "@aws-sdk/client-sso" "3.264.0"
      "@aws-sdk/property-provider" "3.257.0"
      "@aws-sdk/shared-ini-file-loader" "3.257.0"
      "@aws-sdk/token-providers" "3.264.0"
      "@aws-sdk/types" "3.257.0"
      tslib "^2.3.1"
  
  "@aws-sdk/credential-provider-web-identity@3.257.0":
    version "3.257.0"
    resolved "https://registry.yarnpkg.com/@aws-sdk/credential-provider-web-identity/-/credential-provider-web-identity-3.257.0.tgz#928f3234818c6acbf67bf157e4a366f920285e62"
    integrity sha512-Cm0uvRv4JuIbD0Kp3W0J/vwjADIyCx8HoZi5yg+QIi5nilocuTQ3ajvLeuPVSvFvdy+yaxSc5FxNXquWt7Mngw==
    dependencies:
      "@aws-sdk/property-provider" "3.257.0"
      "@aws-sdk/types" "3.257.0"
      tslib "^2.3.1"
  
  "@aws-sdk/credential-providers@^3.186.0":
    version "3.264.0"
    resolved "https://registry.yarnpkg.com/@aws-sdk/credential-providers/-/credential-providers-3.264.0.tgz#211d40b16f6735e8f138000f31a7e548dee4e08f"
    integrity sha512-4iSr1Z7Uf8uDraQ7JYoMotVLhmnGFAGsH559KBPxuxjMjg2lku9GA5V1zw7SNV8FEcj+Sh5HrpJvJ7P1kA+YjA==
    dependencies:
      "@aws-sdk/client-cognito-identity" "3.264.0"
      "@aws-sdk/client-sso" "3.264.0"
      "@aws-sdk/client-sts" "3.264.0"
      "@aws-sdk/credential-provider-cognito-identity" "3.264.0"
      "@aws-sdk/credential-provider-env" "3.257.0"
      "@aws-sdk/credential-provider-imds" "3.259.0"
      "@aws-sdk/credential-provider-ini" "3.264.0"
      "@aws-sdk/credential-provider-node" "3.264.0"
      "@aws-sdk/credential-provider-process" "3.257.0"
      "@aws-sdk/credential-provider-sso" "3.264.0"
      "@aws-sdk/credential-provider-web-identity" "3.257.0"
      "@aws-sdk/property-provider" "3.257.0"
      "@aws-sdk/shared-ini-file-loader" "3.257.0"
      "@aws-sdk/types" "3.257.0"
      tslib "^2.3.1"
  
  "@aws-sdk/fetch-http-handler@3.257.0":
    version "3.257.0"
    resolved "https://registry.yarnpkg.com/@aws-sdk/fetch-http-handler/-/fetch-http-handler-3.257.0.tgz#0b384ad33a57479f340ba558920a3eedded82131"
    integrity sha512-zOF+RzQ+wfF7tq7tGUdPcqUTh3+k2f8KCVJE07A8kCopVq4nBu4NH6Eq29Tjpwdya3YlKvE+kFssuQRRRRex+Q==
    dependencies:
      "@aws-sdk/protocol-http" "3.257.0"
      "@aws-sdk/querystring-builder" "3.257.0"
      "@aws-sdk/types" "3.257.0"
      "@aws-sdk/util-base64" "3.208.0"
      tslib "^2.3.1"
  
  "@aws-sdk/hash-node@3.257.0":
    version "3.257.0"
    resolved "https://registry.yarnpkg.com/@aws-sdk/hash-node/-/hash-node-3.257.0.tgz#517e4c3c957586c0f35f916fd5c8c9841292f01f"
    integrity sha512-W/USUuea5Ep3OJ2U7Ve8/5KN1YsDun2WzOFUxc1PyxXP5pW6OgC15/op0e+bmWPG851clvp5S8ZuroUr3aKi3Q==
    dependencies:
      "@aws-sdk/types" "3.257.0"
      "@aws-sdk/util-buffer-from" "3.208.0"
      "@aws-sdk/util-utf8" "3.254.0"
      tslib "^2.3.1"
  
  "@aws-sdk/invalid-dependency@3.257.0":
    version "3.257.0"
    resolved "https://registry.yarnpkg.com/@aws-sdk/invalid-dependency/-/invalid-dependency-3.257.0.tgz#e4cb2c7be40aa061dff32b0dc70db966da0938eb"
    integrity sha512-T68SAPRNMEhpke0wlxURgogL7q0B8dfqZsSeS20BVR/lksJxLse9+pbmCDxiu1RrXoEIsEwl5rbLN+Hw8BFFYw==
    dependencies:
      "@aws-sdk/types" "3.257.0"
      tslib "^2.3.1"
  
  "@aws-sdk/is-array-buffer@3.201.0":
    version "3.201.0"
    resolved "https://registry.yarnpkg.com/@aws-sdk/is-array-buffer/-/is-array-buffer-3.201.0.tgz#06e557adc284fac2f26071c2944ae01f61b95854"
    integrity sha512-UPez5qLh3dNgt0DYnPD/q0mVJY84rA17QE26hVNOW3fAji8W2wrwrxdacWOxyXvlxWsVRcKmr+lay1MDqpAMfg==
    dependencies:
      tslib "^2.3.1"
  
  "@aws-sdk/middleware-content-length@3.257.0":
    version "3.257.0"
    resolved "https://registry.yarnpkg.com/@aws-sdk/middleware-content-length/-/middleware-content-length-3.257.0.tgz#b84274ccdfca70068ce8526a197ab00359404a9a"
    integrity sha512-yiawbV2azm6QnMY1L2ypG8PDRdjOcEIvFmT0T7y0F49rfbKJOu21j1ONAoCkLrINK6kMqcD5JSQLVCoURxiTxQ==
    dependencies:
      "@aws-sdk/protocol-http" "3.257.0"
      "@aws-sdk/types" "3.257.0"
      tslib "^2.3.1"
  
  "@aws-sdk/middleware-endpoint@3.264.0":
    version "3.264.0"
    resolved "https://registry.yarnpkg.com/@aws-sdk/middleware-endpoint/-/middleware-endpoint-3.264.0.tgz#c700835a3d3d00d954068718bbdd867af1847a3e"
    integrity sha512-H9JEAug3Oo3IA2wZIplVVF6NtauCIjICXWgbNbA8Im+I2KPe0jWtOdtQv4U+tqHe9T4zIixaCM3gjUBld+FoOA==
    dependencies:
      "@aws-sdk/middleware-serde" "3.257.0"
      "@aws-sdk/protocol-http" "3.257.0"
      "@aws-sdk/signature-v4" "3.257.0"
      "@aws-sdk/types" "3.257.0"
      "@aws-sdk/url-parser" "3.257.0"
      "@aws-sdk/util-config-provider" "3.208.0"
      "@aws-sdk/util-middleware" "3.257.0"
      tslib "^2.3.1"
  
  "@aws-sdk/middleware-host-header@3.257.0":
    version "3.257.0"
    resolved "https://registry.yarnpkg.com/@aws-sdk/middleware-host-header/-/middleware-host-header-3.257.0.tgz#75d2ddb8073f901961665070d69c5ff3736fabdc"
    integrity sha512-gEi9AJdJfRfU8Qr6HK1hfhxTzyV3Giq4B/h7um99hIFAT/GCg9xiPvAOKPo6UeuiKEv3b7RpSL4s6cBvnJMJBA==
    dependencies:
      "@aws-sdk/protocol-http" "3.257.0"
      "@aws-sdk/types" "3.257.0"
      tslib "^2.3.1"
  
  "@aws-sdk/middleware-logger@3.257.0":
    version "3.257.0"
    resolved "https://registry.yarnpkg.com/@aws-sdk/middleware-logger/-/middleware-logger-3.257.0.tgz#db35e776fe3561d0602fa39d6c69d68ee4ab36ca"
    integrity sha512-8RDXW/VbMKBsXDfcCLmROZcWKyrekyiPa3J1aIaBy0tq9o4xpGoXw/lwwIrNVvISAFslb57rteup34bfn6ta6w==
    dependencies:
      "@aws-sdk/types" "3.257.0"
      tslib "^2.3.1"
  
  "@aws-sdk/middleware-recursion-detection@3.257.0":
    version "3.257.0"
    resolved "https://registry.yarnpkg.com/@aws-sdk/middleware-recursion-detection/-/middleware-recursion-detection-3.257.0.tgz#83512e0228b41dfc37a337d2ad064cf6dc41f8df"
    integrity sha512-rUCih6zHh8k9Edf5N5Er4s508FYbwLM0MWTD2axzlj9TjLqEQ9OKED3wHaLffXSDzodd3oTAfJCLPbWQyoZ3ZQ==
    dependencies:
      "@aws-sdk/protocol-http" "3.257.0"
      "@aws-sdk/types" "3.257.0"
      tslib "^2.3.1"
  
  "@aws-sdk/middleware-retry@3.259.0":
    version "3.259.0"
    resolved "https://registry.yarnpkg.com/@aws-sdk/middleware-retry/-/middleware-retry-3.259.0.tgz#18bbb2cd655fff1ea155dfcb9eaa2b583b67e42e"
    integrity sha512-pVh1g8e84MAi7eVtWLiiiCtn82LzxOP7+LxTRHatmgIeN22yGQBZILliPDJypUPvDYlwxI1ekiK+oPTcte0Uww==
    dependencies:
      "@aws-sdk/protocol-http" "3.257.0"
      "@aws-sdk/service-error-classification" "3.257.0"
      "@aws-sdk/types" "3.257.0"
      "@aws-sdk/util-middleware" "3.257.0"
      "@aws-sdk/util-retry" "3.257.0"
      tslib "^2.3.1"
      uuid "^8.3.2"
  
  "@aws-sdk/middleware-sdk-sts@3.257.0":
    version "3.257.0"
    resolved "https://registry.yarnpkg.com/@aws-sdk/middleware-sdk-sts/-/middleware-sdk-sts-3.257.0.tgz#9cfbe9e8846c9053a40e32bc695f4bd735afeae2"
    integrity sha512-d6IJCLRi3O2tm4AFK60WNhIwmMmspj1WzKR1q1TaoPzoREPG2xg+Am18wZBRkCyYuRPPrbizmkvAmAJiUolMAw==
    dependencies:
      "@aws-sdk/middleware-signing" "3.257.0"
      "@aws-sdk/property-provider" "3.257.0"
      "@aws-sdk/protocol-http" "3.257.0"
      "@aws-sdk/signature-v4" "3.257.0"
      "@aws-sdk/types" "3.257.0"
      tslib "^2.3.1"
  
  "@aws-sdk/middleware-serde@3.257.0":
    version "3.257.0"
    resolved "https://registry.yarnpkg.com/@aws-sdk/middleware-serde/-/middleware-serde-3.257.0.tgz#13c529b942dafffcb198d9333f8f8dc2a662c187"
    integrity sha512-/JasfXPWFq24mnCrx9fxW/ISBSp07RJwhsF14qzm8Qy3Z0z470C+QRM6otTwAkYuuVt1wuLjja5agq3Jtzq7dQ==
    dependencies:
      "@aws-sdk/types" "3.257.0"
      tslib "^2.3.1"
  
  "@aws-sdk/middleware-signing@3.257.0":
    version "3.257.0"
    resolved "https://registry.yarnpkg.com/@aws-sdk/middleware-signing/-/middleware-signing-3.257.0.tgz#436c9e2fbbe1342c30572028e90ac62f7e90548f"
    integrity sha512-hCH3D83LHmm6nqmtNrGTWZCVjsQXrGHIXbd17/qrw7aPFvcAhsiiCncGFP+XsUXEKa2ZqcSNMUyPrx69ofNRZQ==
    dependencies:
      "@aws-sdk/property-provider" "3.257.0"
      "@aws-sdk/protocol-http" "3.257.0"
      "@aws-sdk/signature-v4" "3.257.0"
      "@aws-sdk/types" "3.257.0"
      "@aws-sdk/util-middleware" "3.257.0"
      tslib "^2.3.1"
  
  "@aws-sdk/middleware-stack@3.257.0":
    version "3.257.0"
    resolved "https://registry.yarnpkg.com/@aws-sdk/middleware-stack/-/middleware-stack-3.257.0.tgz#c9fdc580c5337b703f87f6ae7df283540d6f16ac"
    integrity sha512-awg2F0SvwACBaw4HIObK8pQGfSqAc4Vy+YFzWSfZNVC35oRO6RsRdKHVU99lRC0LrT2Ptmfghl2DMPSrRDbvlQ==
    dependencies:
      tslib "^2.3.1"
  
  "@aws-sdk/middleware-user-agent@3.257.0":
    version "3.257.0"
    resolved "https://registry.yarnpkg.com/@aws-sdk/middleware-user-agent/-/middleware-user-agent-3.257.0.tgz#9ca650f5909bd9b55879835088760173a9d3d249"
    integrity sha512-37rt75LZyD0UWpbcFuxEGqwF3DZKSixQPl7AsDe6q3KtrO5gGQB+diH5vbY0txNNYyv5IK9WMwvY73mVmoWRmw==
    dependencies:
      "@aws-sdk/protocol-http" "3.257.0"
      "@aws-sdk/types" "3.257.0"
      tslib "^2.3.1"
  
  "@aws-sdk/node-config-provider@3.259.0":
    version "3.259.0"
    resolved "https://registry.yarnpkg.com/@aws-sdk/node-config-provider/-/node-config-provider-3.259.0.tgz#0b522020c4a0e445b41f7150ce624b7b63e96e68"
    integrity sha512-DUOqr71oonBvM6yKPdhDBmraqgXHCFrVWFw7hc5ZNxL2wS/EsbKfGPJp+C+SUgpn1upIWPNnh/bNoLAbBkcLsA==
    dependencies:
      "@aws-sdk/property-provider" "3.257.0"
      "@aws-sdk/shared-ini-file-loader" "3.257.0"
      "@aws-sdk/types" "3.257.0"
      tslib "^2.3.1"
  
  "@aws-sdk/node-http-handler@3.257.0":
    version "3.257.0"
    resolved "https://registry.yarnpkg.com/@aws-sdk/node-http-handler/-/node-http-handler-3.257.0.tgz#33e3ba0d8b0bf72a05be6c91e6b4cf90b8a7b786"
    integrity sha512-8KnWHVVwaGKyTlkTU9BSOAiSovNDoagxemU2l10QqBbzUCVpljCUMUkABEGRJ1yoQCl6DJ7RtNkAyZ8Ne/E15A==
    dependencies:
      "@aws-sdk/abort-controller" "3.257.0"
      "@aws-sdk/protocol-http" "3.257.0"
      "@aws-sdk/querystring-builder" "3.257.0"
      "@aws-sdk/types" "3.257.0"
      tslib "^2.3.1"
  
  "@aws-sdk/property-provider@3.257.0":
    version "3.257.0"
    resolved "https://registry.yarnpkg.com/@aws-sdk/property-provider/-/property-provider-3.257.0.tgz#dd6872ace54f8fd691a15167490ab52e40306c58"
    integrity sha512-3rUbRAcF0GZ5PhDiXhS4yREfZ5hOEtvYEa9S/19OdM5eoypOaLU5XnFcCKfnccSP8SkdgpJujzxOMRWNWadlAQ==
    dependencies:
      "@aws-sdk/types" "3.257.0"
      tslib "^2.3.1"
  
  "@aws-sdk/protocol-http@3.257.0":
    version "3.257.0"
    resolved "https://registry.yarnpkg.com/@aws-sdk/protocol-http/-/protocol-http-3.257.0.tgz#1452ce4f6a51e24297cc39f73aa889570dddd348"
    integrity sha512-xt7LGOgZIvbLS3418AYQLacOqx+mo5j4mPiIMz7f6AaUg+/fBUgESVsncKDqxbEJVwwCXSka8Ca0cntJmoeMSw==
    dependencies:
      "@aws-sdk/types" "3.257.0"
      tslib "^2.3.1"
  
  "@aws-sdk/querystring-builder@3.257.0":
    version "3.257.0"
    resolved "https://registry.yarnpkg.com/@aws-sdk/querystring-builder/-/querystring-builder-3.257.0.tgz#75e662fc451cf59763bdee52ba64b05e5cd2de0a"
    integrity sha512-mZHWLP7XIkzx1GIXO5WfX/iJ+aY9TWs02RE9FkdL2+by0HEMR65L3brQTbU1mIBJ7BjaPwYH24dljUOSABX7yg==
    dependencies:
      "@aws-sdk/types" "3.257.0"
      "@aws-sdk/util-uri-escape" "3.201.0"
      tslib "^2.3.1"
  
  "@aws-sdk/querystring-parser@3.257.0":
    version "3.257.0"
    resolved "https://registry.yarnpkg.com/@aws-sdk/querystring-parser/-/querystring-parser-3.257.0.tgz#c8614e424d7d840c01be919161f61ef85eca46af"
    integrity sha512-UDrE1dEwWrWT8dG2VCrGYrPxCWOkZ1fPTPkjpkR4KZEdQDZBqU5gYZF2xPj8Nz7pjQVHFuW2wFm3XYEk56GEjg==
    dependencies:
      "@aws-sdk/types" "3.257.0"
      tslib "^2.3.1"
  
  "@aws-sdk/service-error-classification@3.257.0":
    version "3.257.0"
    resolved "https://registry.yarnpkg.com/@aws-sdk/service-error-classification/-/service-error-classification-3.257.0.tgz#a374e811ac587b9beb6e3fda77f2249570da7a8e"
    integrity sha512-FAyR0XsueGkkqDtkP03cTJQk52NdQ9sZelLynmmlGPUP75LApRPvFe1riKrou6+LsDbwVNVffj6mbDfIcOhaOw==
  
  "@aws-sdk/shared-ini-file-loader@3.257.0":
    version "3.257.0"
    resolved "https://registry.yarnpkg.com/@aws-sdk/shared-ini-file-loader/-/shared-ini-file-loader-3.257.0.tgz#513eee5c7ffa343bf5d91bdd73870fc5c47a4ad3"
    integrity sha512-HNjC1+Wx3xHiJc+CP14GhIdVhfQGSjroAsWseRxAhONocA9Fl1ZX4hx7+sA5c9nOoMVOovi6ivJ/6lCRPTDRrQ==
    dependencies:
      "@aws-sdk/types" "3.257.0"
      tslib "^2.3.1"
  
  "@aws-sdk/signature-v4@3.257.0":
    version "3.257.0"
    resolved "https://registry.yarnpkg.com/@aws-sdk/signature-v4/-/signature-v4-3.257.0.tgz#c2f0c998bfe1980ed91e0f92c311682a61de0f90"
    integrity sha512-aLQQN59X/D0+ShzPD3Anj5ntdMA/RFeNLOUCDyDvremViGi6yxUS98usQ/8bG5Rq0sW2GGMdbFUFmrDvqdiqEQ==
    dependencies:
      "@aws-sdk/is-array-buffer" "3.201.0"
      "@aws-sdk/types" "3.257.0"
      "@aws-sdk/util-hex-encoding" "3.201.0"
      "@aws-sdk/util-middleware" "3.257.0"
      "@aws-sdk/util-uri-escape" "3.201.0"
      "@aws-sdk/util-utf8" "3.254.0"
      tslib "^2.3.1"
  
  "@aws-sdk/smithy-client@3.261.0":
    version "3.261.0"
    resolved "https://registry.yarnpkg.com/@aws-sdk/smithy-client/-/smithy-client-3.261.0.tgz#538096a39198cf41fa8002467536e5af1958c518"
    integrity sha512-j8XQEa3caZUVFVZfhJjaskw80O/tB+IXu84HMN44N7UkXaCFHirUsNjTDztJhnVXf/gKXzIqUqprfRnOvwLtIg==
    dependencies:
      "@aws-sdk/middleware-stack" "3.257.0"
      "@aws-sdk/types" "3.257.0"
      tslib "^2.3.1"
  
  "@aws-sdk/token-providers@3.264.0":
    version "3.264.0"
    resolved "https://registry.yarnpkg.com/@aws-sdk/token-providers/-/token-providers-3.264.0.tgz#411c2f2d1e4080d2079adcf07deebd9696f2af75"
    integrity sha512-1N54FCdBJRqrwFWHUoDpGI0rKhI29Or9ZwGjjcBzKzLhz5sEF/DEhuID7h1/KKEkXdQ0+lmXOFGMMrahrMpOow==
    dependencies:
      "@aws-sdk/client-sso-oidc" "3.264.0"
      "@aws-sdk/property-provider" "3.257.0"
      "@aws-sdk/shared-ini-file-loader" "3.257.0"
      "@aws-sdk/types" "3.257.0"
      tslib "^2.3.1"
  
  "@aws-sdk/types@3.257.0", "@aws-sdk/types@^3.222.0":
    version "3.257.0"
    resolved "https://registry.yarnpkg.com/@aws-sdk/types/-/types-3.257.0.tgz#4951ee3456cd9a46829516f5596c2b8a05ffe06a"
    integrity sha512-LmqXuBQBGeaGi/3Rp7XiEX1B5IPO2UUfBVvu0wwGqVsmstT0SbOVDZGPmxygACbm64n+PRx3uTSDefRfoiWYZg==
    dependencies:
      tslib "^2.3.1"
  
  "@aws-sdk/url-parser@3.257.0":
    version "3.257.0"
    resolved "https://registry.yarnpkg.com/@aws-sdk/url-parser/-/url-parser-3.257.0.tgz#99b1abb302426f1b24c9777789fb0479d52d675d"
    integrity sha512-Qe/AcFe/NFZHa6cN2afXEQn9ehXxh57dWGdRjfjd2lQqNV4WW1R2pl2Tm1ZJ1dwuCNLJi4NHLMk8lrD3QQ8rdg==
    dependencies:
      "@aws-sdk/querystring-parser" "3.257.0"
      "@aws-sdk/types" "3.257.0"
      tslib "^2.3.1"
  
  "@aws-sdk/util-base64@3.208.0":
    version "3.208.0"
    resolved "https://registry.yarnpkg.com/@aws-sdk/util-base64/-/util-base64-3.208.0.tgz#36b430e5396251f761590f7c2f0c5c12193f353c"
    integrity sha512-PQniZph5A6N7uuEOQi+1hnMz/FSOK/8kMFyFO+4DgA1dZ5pcKcn5wiFwHkcTb/BsgVqQa3Jx0VHNnvhlS8JyTg==
    dependencies:
      "@aws-sdk/util-buffer-from" "3.208.0"
      tslib "^2.3.1"
  
  "@aws-sdk/util-body-length-browser@3.188.0":
    version "3.188.0"
    resolved "https://registry.yarnpkg.com/@aws-sdk/util-body-length-browser/-/util-body-length-browser-3.188.0.tgz#e1d949318c10a621b38575a9ef01e39f9857ddb0"
    integrity sha512-8VpnwFWXhnZ/iRSl9mTf+VKOX9wDE8QtN4bj9pBfxwf90H1X7E8T6NkiZD3k+HubYf2J94e7DbeHs7fuCPW5Qg==
    dependencies:
      tslib "^2.3.1"
  
  "@aws-sdk/util-body-length-node@3.208.0":
    version "3.208.0"
    resolved "https://registry.yarnpkg.com/@aws-sdk/util-body-length-node/-/util-body-length-node-3.208.0.tgz#baabd1fa1206ff2bd4ce3785122d86eb3258dd20"
    integrity sha512-3zj50e5g7t/MQf53SsuuSf0hEELzMtD8RX8C76f12OSRo2Bca4FLLYHe0TZbxcfQHom8/hOaeZEyTyMogMglqg==
    dependencies:
      tslib "^2.3.1"
  
  "@aws-sdk/util-buffer-from@3.208.0":
    version "3.208.0"
    resolved "https://registry.yarnpkg.com/@aws-sdk/util-buffer-from/-/util-buffer-from-3.208.0.tgz#285e86f6dc9030148a4147d65239e75cb254a1b0"
    integrity sha512-7L0XUixNEFcLUGPeBF35enCvB9Xl+K6SQsmbrPk1P3mlV9mguWSDQqbOBwY1Ir0OVbD6H/ZOQU7hI/9RtRI0Zw==
    dependencies:
      "@aws-sdk/is-array-buffer" "3.201.0"
      tslib "^2.3.1"
  
  "@aws-sdk/util-config-provider@3.208.0":
    version "3.208.0"
    resolved "https://registry.yarnpkg.com/@aws-sdk/util-config-provider/-/util-config-provider-3.208.0.tgz#c485fd83fbac051337e5f6be60ea3f9fa61c0139"
    integrity sha512-DSRqwrERUsT34ug+anlMBIFooBEGwM8GejC7q00Y/9IPrQy50KnG5PW2NiTjuLKNi7pdEOlwTSEocJE15eDZIg==
    dependencies:
      tslib "^2.3.1"
  
  "@aws-sdk/util-defaults-mode-browser@3.261.0":
    version "3.261.0"
    resolved "https://registry.yarnpkg.com/@aws-sdk/util-defaults-mode-browser/-/util-defaults-mode-browser-3.261.0.tgz#ea9f43fa569887a11db289b2e77ec6e518c5f4ed"
    integrity sha512-lX3X1NfzQVV6cakepGV24uRcqevlDnQ8VgaCV8dhnw1FVThueFigyoFaUA02+uRXbV9KIbNWkEvweNtm2wvyDw==
    dependencies:
      "@aws-sdk/property-provider" "3.257.0"
      "@aws-sdk/types" "3.257.0"
      bowser "^2.11.0"
      tslib "^2.3.1"
  
  "@aws-sdk/util-defaults-mode-node@3.261.0":
    version "3.261.0"
    resolved "https://registry.yarnpkg.com/@aws-sdk/util-defaults-mode-node/-/util-defaults-mode-node-3.261.0.tgz#a7c09e3912a0f23e42b5c183d2a297b632014f9f"
    integrity sha512-4AK6yu4bOmHSocUdbGoEHbNXB09UA58ON2HBHY4NxMBuFBAd9XB2tYiyhce+Cm+o+lHbS8oQnw0VZw16WMzzew==
    dependencies:
      "@aws-sdk/config-resolver" "3.259.0"
      "@aws-sdk/credential-provider-imds" "3.259.0"
      "@aws-sdk/node-config-provider" "3.259.0"
      "@aws-sdk/property-provider" "3.257.0"
      "@aws-sdk/types" "3.257.0"
      tslib "^2.3.1"
  
  "@aws-sdk/util-endpoints@3.257.0":
    version "3.257.0"
    resolved "https://registry.yarnpkg.com/@aws-sdk/util-endpoints/-/util-endpoints-3.257.0.tgz#40cc8f67b996f8ea173f43d0e58e57ca8c244e67"
    integrity sha512-3bvmRn5XGYzPPWjLuvHBKdJOb+fijnb8Ungu9bfXnTYFsng/ndHUWeHC22O/p8w3OWoRYUIMaZHxdxe27BFozg==
    dependencies:
      "@aws-sdk/types" "3.257.0"
      tslib "^2.3.1"
  
  "@aws-sdk/util-hex-encoding@3.201.0":
    version "3.201.0"
    resolved "https://registry.yarnpkg.com/@aws-sdk/util-hex-encoding/-/util-hex-encoding-3.201.0.tgz#21d7ec319240ee68c33d938e71cb79830bea315d"
    integrity sha512-7t1vR1pVxKx0motd3X9rI3m/xNp78p3sHtP5yo4NP4ARpxyJ0fokBomY8ScaH2D/B+U5o9ARxldJUdMqyBlJcA==
    dependencies:
      tslib "^2.3.1"
  
  "@aws-sdk/util-locate-window@^3.0.0":
    version "3.208.0"
    resolved "https://registry.yarnpkg.com/@aws-sdk/util-locate-window/-/util-locate-window-3.208.0.tgz#0f598fc238a1256e4bcb64d01459f03a922dd4c3"
    integrity sha512-iua1A2+P7JJEDHVgvXrRJSvsnzG7stYSGQnBVphIUlemwl6nN5D+QrgbjECtrbxRz8asYFHSzhdhECqN+tFiBg==
    dependencies:
      tslib "^2.3.1"
  
  "@aws-sdk/util-middleware@3.257.0":
    version "3.257.0"
    resolved "https://registry.yarnpkg.com/@aws-sdk/util-middleware/-/util-middleware-3.257.0.tgz#b84ee6832eea9d439ff7e7a0453ea56af87b6b7a"
    integrity sha512-F9ieon8B8eGVs5tyZtAIG3DZEObDvujkspho0qRbUTHUosM0ylJLsMU800fmC/uRHLRrZvb/RSp59+kNDwSAMw==
    dependencies:
      tslib "^2.3.1"
  
  "@aws-sdk/util-retry@3.257.0":
    version "3.257.0"
    resolved "https://registry.yarnpkg.com/@aws-sdk/util-retry/-/util-retry-3.257.0.tgz#20454375267e120576c9f24316dad0ebc489dc4b"
    integrity sha512-l9TOsOAYtZxwW3q5fQKW4rsD9t2HVaBfQ4zBamHkNTfB4vBVvCnz4oxkvSvA2MlxCA6am+K1K/oj917Tpqk53g==
    dependencies:
      "@aws-sdk/service-error-classification" "3.257.0"
      tslib "^2.3.1"
  
  "@aws-sdk/util-uri-escape@3.201.0":
    version "3.201.0"
    resolved "https://registry.yarnpkg.com/@aws-sdk/util-uri-escape/-/util-uri-escape-3.201.0.tgz#5e708d4cde001a4558ee616f889ceacfadd2ab03"
    integrity sha512-TeTWbGx4LU2c5rx0obHeDFeO9HvwYwQtMh1yniBz00pQb6Qt6YVOETVQikRZ+XRQwEyCg/dA375UplIpiy54mA==
    dependencies:
      tslib "^2.3.1"
  
  "@aws-sdk/util-user-agent-browser@3.257.0":
    version "3.257.0"
    resolved "https://registry.yarnpkg.com/@aws-sdk/util-user-agent-browser/-/util-user-agent-browser-3.257.0.tgz#6fa29ab2a15bfa82ce77d77b12891109b7673fb9"
    integrity sha512-YdavWK6/8Cw6mypEgysGGX/dT9p9qnzFbnN5PQsUY+JJk2Nx8fKFydjGiQ+6rWPeW17RAv9mmbboh9uPVWxVlw==
    dependencies:
      "@aws-sdk/types" "3.257.0"
      bowser "^2.11.0"
      tslib "^2.3.1"
  
  "@aws-sdk/util-user-agent-node@3.259.0":
    version "3.259.0"
    resolved "https://registry.yarnpkg.com/@aws-sdk/util-user-agent-node/-/util-user-agent-node-3.259.0.tgz#61141a0d64668ebcbbb1ac3dac1f497ca9f3707e"
    integrity sha512-R0VTmNs+ySDDebU98BUbsLyeIM5YmAEr9esPpy15XfSy3AWmAeru8nLlztdaLilHZzLIDzvM2t7NGk/FzZFCvA==
    dependencies:
      "@aws-sdk/node-config-provider" "3.259.0"
      "@aws-sdk/types" "3.257.0"
      tslib "^2.3.1"
  
  "@aws-sdk/util-utf8-browser@^3.0.0":
    version "3.259.0"
    resolved "https://registry.yarnpkg.com/@aws-sdk/util-utf8-browser/-/util-utf8-browser-3.259.0.tgz#3275a6f5eb334f96ca76635b961d3c50259fd9ff"
    integrity sha512-UvFa/vR+e19XookZF8RzFZBrw2EUkQWxiBW0yYQAhvk3C+QVGl0H3ouca8LDBlBfQKXwmW3huo/59H8rwb1wJw==
    dependencies:
      tslib "^2.3.1"
  
  "@aws-sdk/util-utf8@3.254.0":
    version "3.254.0"
    resolved "https://registry.yarnpkg.com/@aws-sdk/util-utf8/-/util-utf8-3.254.0.tgz#909af9c6549833a9a9bf77004b7484bfc96b2c35"
    integrity sha512-14Kso/eIt5/qfIBmhEL9L1IfyUqswjSTqO2mY7KOzUZ9SZbwn3rpxmtkhmATkRjD7XIlLKaxBkI7tU9Zjzj8Kw==
    dependencies:
      "@aws-sdk/util-buffer-from" "3.208.0"
      tslib "^2.3.1"
  
  "@babel/code-frame@^7.0.0":
    version "7.18.6"
    resolved "https://registry.yarnpkg.com/@babel/code-frame/-/code-frame-7.18.6.tgz#3b25d38c89600baa2dcc219edfa88a74eb2c427a"
    integrity sha512-TDCmlK5eOvH+eH7cdAFlNXeVJqWIQ7gW9tY1GJIpUtFb6CmjVyq2VM3u71bOyR8CRihcCgMUYoDNyLXao3+70Q==
    dependencies:
      "@babel/highlight" "^7.18.6"
  
  "@babel/helper-validator-identifier@^7.18.6":
    version "7.19.1"
    resolved "https://registry.yarnpkg.com/@babel/helper-validator-identifier/-/helper-validator-identifier-7.19.1.tgz#7eea834cf32901ffdc1a7ee555e2f9c27e249ca2"
    integrity sha512-awrNfaMtnHUr653GgGEs++LlAvW6w+DcPrOliSMXWCKo597CwL5Acf/wWdNkf/tfEQE3mjkeD1YOVZOUV/od1w==
  
  "@babel/highlight@^7.18.6":
    version "7.18.6"
    resolved "https://registry.yarnpkg.com/@babel/highlight/-/highlight-7.18.6.tgz#81158601e93e2563795adcbfbdf5d64be3f2ecdf"
    integrity sha512-u7stbOuYjaPezCuLj29hNW1v64M2Md2qupEKP1fHc7WdOA3DgLh37suiSrZYY7haUB7iBeQZ9P1uiRF359do3g==
    dependencies:
      "@babel/helper-validator-identifier" "^7.18.6"
      chalk "^2.0.0"
      js-tokens "^4.0.0"
  
  "@types/node@*":
    version "18.11.19"
    resolved "https://registry.yarnpkg.com/@types/node/-/node-18.11.19.tgz#35e26df9ec441ab99d73e99e9aca82935eea216d"
    integrity sha512-YUgMWAQBWLObABqrvx8qKO1enAvBUdjZOAWQ5grBAkp5LQv45jBvYKZ3oFS9iKRCQyFjqw6iuEa1vmFqtxYLZw==
  
  "@types/webidl-conversions@*":
    version "7.0.0"
    resolved "https://registry.yarnpkg.com/@types/webidl-conversions/-/webidl-conversions-7.0.0.tgz#2b8e60e33906459219aa587e9d1a612ae994cfe7"
    integrity sha512-xTE1E+YF4aWPJJeUzaZI5DRntlkY3+BCVJi0axFptnjGmAoWxkyREIh/XMrfxVLejwQxMCfDXdICo0VLxThrog==
  
  "@types/whatwg-url@^8.2.1":
    version "8.2.2"
    resolved "https://registry.yarnpkg.com/@types/whatwg-url/-/whatwg-url-8.2.2.tgz#749d5b3873e845897ada99be4448041d4cc39e63"
    integrity sha512-FtQu10RWgn3D9U4aazdwIE2yzphmTJREDqNdODHrbrZmmMqI0vMheC/6NE/J1Yveaj8H+ela+YwWTjq5PGmuhA==
    dependencies:
      "@types/node" "*"
      "@types/webidl-conversions" "*"
  
  "@types/yauzl@^2.9.1":
    version "2.10.0"
    resolved "https://registry.yarnpkg.com/@types/yauzl/-/yauzl-2.10.0.tgz#b3248295276cf8c6f153ebe6a9aba0c988cb2599"
    integrity sha512-Cn6WYCm0tXv8p6k+A8PvbDG763EDpBoTzHdA+Q/MF6H3sapGjCm9NzoaJncJS9tUKSuCoDs9XHxYYsQDgxR6kw==
    dependencies:
      "@types/node" "*"
  
  agent-base@6:
    version "6.0.2"
    resolved "https://registry.yarnpkg.com/agent-base/-/agent-base-6.0.2.tgz#49fff58577cfee3f37176feab4c22e00f86d7f77"
    integrity sha512-RZNwNclF7+MS/8bDg70amg32dyeZGZxiDuQmZxKLAlQjr3jGyLx+4Kkk58UO7D2QdgFIQCovuSuZESne6RG6XQ==
    dependencies:
      debug "4"
  
  ansi-styles@^3.2.1:
    version "3.2.1"
    resolved "https://registry.yarnpkg.com/ansi-styles/-/ansi-styles-3.2.1.tgz#41fbb20243e50b12be0f04b8dedbf07520ce841d"
    integrity sha512-VT0ZI6kZRdTh8YyJw3SMbYm/u+NqfsAxEpWO0Pf9sq8/e94WxxOpPKx9FR1FlyCtOVDNOQ+8ntlqFxiRc+r5qA==
    dependencies:
      color-convert "^1.9.0"
  
  argparse@^2.0.1:
    version "2.0.1"
    resolved "https://registry.yarnpkg.com/argparse/-/argparse-2.0.1.tgz#246f50f3ca78a3240f6c997e8a9bd1eac49e4b38"
    integrity sha512-8+9WqebbFzpX9OR+Wa6O29asIogeRMzcGtAINdpMHHyAg10f05aSFVBbcEqGf/PXw1EjAZ+q2/bEBg3DvurK3Q==
  
  balanced-match@^1.0.0:
    version "1.0.2"
    resolved "https://registry.yarnpkg.com/balanced-match/-/balanced-match-1.0.2.tgz#e83e3a7e3f300b34cb9d87f615fa0cbf357690ee"
    integrity sha512-3oSeUO0TMV67hN1AmbXsK4yaqU7tjiHlbxRDZOpH0KW9+CeX4bRAaX0Anxt0tx2MrpRpWwQaPwIlISEJhYU5Pw==
  
  base64-js@^1.3.1:
    version "1.5.1"
    resolved "https://registry.yarnpkg.com/base64-js/-/base64-js-1.5.1.tgz#1b1b440160a5bf7ad40b650f095963481903930a"
    integrity sha512-AKpaYlHn8t4SVbOHCy+b5+KKgvR4vrsD8vbvrbiQJps7fKDTkjkDry6ji0rUJjC0kzbNePLwzxq8iypo41qeWA==
  
  bl@^4.0.3:
    version "4.1.0"
    resolved "https://registry.yarnpkg.com/bl/-/bl-4.1.0.tgz#451535264182bec2fbbc83a62ab98cf11d9f7b3a"
    integrity sha512-1W07cM9gS6DcLperZfFSj+bWLtaPGSOHWhPiGzXmvVJbRLdG82sH/Kn8EtW1VqWVA54AKf2h5k5BbnIbwF3h6w==
    dependencies:
      buffer "^5.5.0"
      inherits "^2.0.4"
      readable-stream "^3.4.0"
  
  bowser@^2.11.0:
    version "2.11.0"
    resolved "https://registry.yarnpkg.com/bowser/-/bowser-2.11.0.tgz#5ca3c35757a7aa5771500c70a73a9f91ef420a8f"
    integrity sha512-AlcaJBi/pqqJBIQ8U9Mcpc9i8Aqxn88Skv5d+xBX006BY5u8N3mGLHa5Lgppa7L/HfwgwLgZ6NYs+Ag6uUmJRA==
  
  brace-expansion@^1.1.7:
    version "1.1.11"
    resolved "https://registry.yarnpkg.com/brace-expansion/-/brace-expansion-1.1.11.tgz#3c7fcbf529d87226f3d2f52b966ff5271eb441dd"
    integrity sha512-iCuPHDFgrHX7H2vEI/5xpz07zSHB00TpugqhmYtVmMO6518mCuRMoOYFldEBl0g187ufozdaHgWKcYFb61qGiA==
    dependencies:
      balanced-match "^1.0.0"
      concat-map "0.0.1"
  
  bson@^4.7.0:
    version "4.7.2"
    resolved "https://registry.yarnpkg.com/bson/-/bson-4.7.2.tgz#320f4ad0eaf5312dd9b45dc369cc48945e2a5f2e"
    integrity sha512-Ry9wCtIZ5kGqkJoi6aD8KjxFZEx78guTQDnpXWiNthsxzrxAK/i8E6pCHAIZTbaEFWcOCvbecMukfK7XUvyLpQ==
    dependencies:
      buffer "^5.6.0"
  
  buffer-crc32@~0.2.3:
    version "0.2.13"
    resolved "https://registry.yarnpkg.com/buffer-crc32/-/buffer-crc32-0.2.13.tgz#0d333e3f00eac50aa1454abd30ef8c2a5d9a7242"
    integrity sha512-VO9Ht/+p3SN7SKWqcrgEzjGbRSJYTx+Q1pTQC0wrWqHx0vpJraQ6GtHx8tvcg1rlK1byhU5gccxgOgj7B0TDkQ==
  
  buffer@^5.2.1, buffer@^5.5.0, buffer@^5.6.0:
    version "5.7.1"
    resolved "https://registry.yarnpkg.com/buffer/-/buffer-5.7.1.tgz#ba62e7c13133053582197160851a8f648e99eed0"
    integrity sha512-EHcyIPBQ4BSGlvjB16k5KgAJ27CIsHY/2JBmCRReo48y9rQ3MaUzWX3KVlBa4U7MyX02HdVj0K7C3WaB3ju7FQ==
    dependencies:
      base64-js "^1.3.1"
      ieee754 "^1.1.13"
  
  callsites@^3.0.0:
    version "3.1.0"
    resolved "https://registry.yarnpkg.com/callsites/-/callsites-3.1.0.tgz#b3630abd8943432f54b3f0519238e33cd7df2f73"
    integrity sha512-P8BjAsXvZS+VIDUI11hHCQEv74YT67YUi5JJFNWIqL235sBmjX4+qx9Muvls5ivyNENctx46xQLQ3aTuE7ssaQ==
  
  chalk@^2.0.0:
    version "2.4.2"
    resolved "https://registry.yarnpkg.com/chalk/-/chalk-2.4.2.tgz#cd42541677a54333cf541a49108c1432b44c9424"
    integrity sha512-Mti+f9lpJNcwF4tWV8/OrTTtF1gZi+f8FqlyAdouralcFWFQWF2+NgCHShjkCb+IFBLq9buZwE1xckQU4peSuQ==
    dependencies:
      ansi-styles "^3.2.1"
      escape-string-regexp "^1.0.5"
      supports-color "^5.3.0"
  
  chownr@^1.1.1:
    version "1.1.4"
    resolved "https://registry.yarnpkg.com/chownr/-/chownr-1.1.4.tgz#6fc9d7b42d32a583596337666e7d08084da2cc6b"
    integrity sha512-jJ0bqzaylmJtVnNgzTeSOs8DPavpbYgEr/b0YL8/2GO3xJEhInFmhKMUnEJQjZumK7KXGFhUy89PrsJWlakBVg==
  
  color-convert@^1.9.0:
    version "1.9.3"
    resolved "https://registry.yarnpkg.com/color-convert/-/color-convert-1.9.3.tgz#bb71850690e1f136567de629d2d5471deda4c1e8"
    integrity sha512-QfAUtd+vFdAtFQcC8CCyYt1fYWxSqAiK2cSD6zDB8N3cpsEBAvRxp9zOGg6G/SHHJYAT88/az/IuDGALsNVbGg==
    dependencies:
      color-name "1.1.3"
  
  color-name@1.1.3:
    version "1.1.3"
    resolved "https://registry.yarnpkg.com/color-name/-/color-name-1.1.3.tgz#a7d0558bd89c42f795dd42328f740831ca53bc25"
    integrity sha512-72fSenhMw2HZMTVHeCA9KCmpEIbzWiQsjN+BHcBbS9vr1mtt+vJjPdksIBNUmKAW8TFUDPJK5SUU3QhE9NEXDw==
  
  concat-map@0.0.1:
    version "0.0.1"
    resolved "https://registry.yarnpkg.com/concat-map/-/concat-map-0.0.1.tgz#d8a96bd77fd68df7793a73036a3ba0d5405d477b"
    integrity sha512-/Srv4dswyQNBfohGpz9o6Yb3Gz3SrUDqBH5rTuhGR7ahtlbYKnVxw2bCFMRljaA7EXHaXZ8wsHdodFvbkhKmqg==
  
  cosmiconfig@8.0.0:
    version "8.0.0"
    resolved "https://registry.yarnpkg.com/cosmiconfig/-/cosmiconfig-8.0.0.tgz#e9feae014eab580f858f8a0288f38997a7bebe97"
    integrity sha512-da1EafcpH6b/TD8vDRaWV7xFINlHlF6zKsGwS1TsuVJTZRkquaS5HTMq7uq6h31619QjbsYl21gVDOm32KM1vQ==
    dependencies:
      import-fresh "^3.2.1"
      js-yaml "^4.1.0"
      parse-json "^5.0.0"
      path-type "^4.0.0"
  
  cross-fetch@3.1.5:
    version "3.1.5"
    resolved "https://registry.yarnpkg.com/cross-fetch/-/cross-fetch-3.1.5.tgz#e1389f44d9e7ba767907f7af8454787952ab534f"
    integrity sha512-lvb1SBsI0Z7GDwmuid+mU3kWVBwTVUbe7S0H52yaaAdQOXq2YktTCZdlAcNKFzE6QtRz0snpw9bNiPeOIkkQvw==
    dependencies:
      node-fetch "2.6.7"
  
  debug@4, debug@4.3.4, debug@4.x, debug@^4.1.1:
    version "4.3.4"
    resolved "https://registry.yarnpkg.com/debug/-/debug-4.3.4.tgz#1319f6579357f2338d3337d2cdd4914bb5dcc865"
    integrity sha512-PRWFHuSU3eDtQJPvnNY7Jcket1j0t5OuOsFzPPzsekD52Zl8qUfFIPEiswXqIvHWGVHOgX+7G/vCNNhehwxfkQ==
    dependencies:
      ms "2.1.2"
  
  devtools-protocol@0.0.1082910:
    version "0.0.1082910"
    resolved "https://registry.yarnpkg.com/devtools-protocol/-/devtools-protocol-0.0.1082910.tgz#d79490dc66ef23eb17a24423c9ce5ce661714a91"
    integrity sha512-RqoZ2GmqaNxyx+99L/RemY5CkwG9D0WEfOKxekwCRXOGrDCep62ngezEJUVMq6rISYQ+085fJnWDQqGHlxVNww==
  
  dotenv@^16.0.3:
    version "16.0.3"
    resolved "https://registry.yarnpkg.com/dotenv/-/dotenv-16.0.3.tgz#115aec42bac5053db3c456db30cc243a5a836a07"
    integrity sha512-7GO6HghkA5fYG9TYnNxi14/7K9f5occMlp3zXAuSxn7CKCxt9xbNWG7yF8hTCSUchlfWSe3uLmlPfigevRItzQ==
  
  end-of-stream@^1.1.0, end-of-stream@^1.4.1:
    version "1.4.4"
    resolved "https://registry.yarnpkg.com/end-of-stream/-/end-of-stream-1.4.4.tgz#5ae64a5f45057baf3626ec14da0ca5e4b2431eb0"
    integrity sha512-+uw1inIHVPQoaVuHzRyXd21icM+cnt4CzD5rW+NC1wjOUSTOs+Te7FOv7AhN7vS9x/oIyhLP5PR1H+phQAHu5Q==
    dependencies:
      once "^1.4.0"
  
  error-ex@^1.3.1:
    version "1.3.2"
    resolved "https://registry.yarnpkg.com/error-ex/-/error-ex-1.3.2.tgz#b4ac40648107fdcdcfae242f428bea8a14d4f1bf"
    integrity sha512-7dFHNmqeFSEt2ZBsCriorKnn3Z2pj+fd9kmI6QoWw4//DL+icEBfc0U7qJCisqrTsKTjw4fNFy2pW9OqStD84g==
    dependencies:
      is-arrayish "^0.2.1"
  
  escape-string-regexp@^1.0.5:
    version "1.0.5"
    resolved "https://registry.yarnpkg.com/escape-string-regexp/-/escape-string-regexp-1.0.5.tgz#1b61c0562190a8dff6ae3bb2cf0200ca130b86d4"
    integrity sha512-vbRorB5FUQWvla16U8R/qgaFIya2qGzwDrNmCZuYKrbdSUMG6I1ZCGQRefkRVhuOkIGVne7BQ35DSfo1qvJqFg==
  
  extract-zip@2.0.1:
    version "2.0.1"
    resolved "https://registry.yarnpkg.com/extract-zip/-/extract-zip-2.0.1.tgz#663dca56fe46df890d5f131ef4a06d22bb8ba13a"
    integrity sha512-GDhU9ntwuKyGXdZBUgTIe+vXnWj0fppUEtMDL0+idd5Sta8TGpHssn/eusA9mrPr9qNDym6SxAYZjNvCn/9RBg==
    dependencies:
      debug "^4.1.1"
      get-stream "^5.1.0"
      yauzl "^2.10.0"
    optionalDependencies:
      "@types/yauzl" "^2.9.1"
  
  fast-xml-parser@4.0.11:
    version "4.0.11"
    resolved "https://registry.yarnpkg.com/fast-xml-parser/-/fast-xml-parser-4.0.11.tgz#42332a9aca544520631c8919e6ea871c0185a985"
    integrity sha512-4aUg3aNRR/WjQAcpceODG1C3x3lFANXRo8+1biqfieHmg9pyMt7qB4lQV/Ta6sJCTbA5vfD8fnA8S54JATiFUA==
    dependencies:
      strnum "^1.0.5"
  
  fd-slicer@~1.1.0:
    version "1.1.0"
    resolved "https://registry.yarnpkg.com/fd-slicer/-/fd-slicer-1.1.0.tgz#25c7c89cb1f9077f8891bbe61d8f390eae256f1e"
    integrity sha512-cE1qsB/VwyQozZ+q1dGxR8LBYNZeofhEdUNGSMbQD3Gw2lAzX9Zb3uIU6Ebc/Fmyjo9AWWfnn0AUCHqtevs/8g==
    dependencies:
      pend "~1.2.0"
  
  fs-constants@^1.0.0:
    version "1.0.0"
    resolved "https://registry.yarnpkg.com/fs-constants/-/fs-constants-1.0.0.tgz#6be0de9be998ce16af8afc24497b9ee9b7ccd9ad"
    integrity sha512-y6OAwoSIf7FyjMIv94u+b5rdheZEjzR63GTyZJm5qh4Bi+2YgwLCcI/fPFZkL5PSixOt6ZNKm+w+Hfp/Bciwow==
  
  fs.realpath@^1.0.0:
    version "1.0.0"
    resolved "https://registry.yarnpkg.com/fs.realpath/-/fs.realpath-1.0.0.tgz#1504ad2523158caa40db4a2787cb01411994ea4f"
    integrity sha512-OO0pH2lK6a0hZnAdau5ItzHPI6pUlvI7jMVnxUQRtw4owF2wk8lOSabtGDCTP4Ggrg2MbGnWO9X8K1t4+fGMDw==
  
  get-stream@^5.1.0:
    version "5.2.0"
    resolved "https://registry.yarnpkg.com/get-stream/-/get-stream-5.2.0.tgz#4966a1795ee5ace65e706c4b7beb71257d6e22d3"
    integrity sha512-nBF+F1rAZVCu/p7rjzgA+Yb4lfYXrpl7a6VmJrU8wF9I1CKvP/QwPNZHnOlwbTkY6dvtFIzFMSyQXbLoTQPRpA==
    dependencies:
      pump "^3.0.0"
  
  glob@^7.1.3:
    version "7.2.3"
    resolved "https://registry.yarnpkg.com/glob/-/glob-7.2.3.tgz#b8df0fb802bbfa8e89bd1d938b4e16578ed44f2b"
    integrity sha512-nFR0zLpU2YCaRxwoCJvL6UvCH2JFyFVIvwTLsIf21AuHlMskA1hhTdk+LlYJtOlYt9v6dvszD2BGRqBL+iQK9Q==
    dependencies:
      fs.realpath "^1.0.0"
      inflight "^1.0.4"
      inherits "2"
      minimatch "^3.1.1"
      once "^1.3.0"
      path-is-absolute "^1.0.0"
  
  has-flag@^3.0.0:
    version "3.0.0"
    resolved "https://registry.yarnpkg.com/has-flag/-/has-flag-3.0.0.tgz#b5d454dc2199ae225699f3467e5a07f3b955bafd"
    integrity sha512-sKJf1+ceQBr4SMkvQnBDNDtf4TXpVhVGateu0t918bl30FnbE2m4vNLX+VWe/dpjlb+HugGYzW7uQXH98HPEYw==
  
  https-proxy-agent@5.0.1:
    version "5.0.1"
    resolved "https://registry.yarnpkg.com/https-proxy-agent/-/https-proxy-agent-5.0.1.tgz#c59ef224a04fe8b754f3db0063a25ea30d0005d6"
    integrity sha512-dFcAjpTQFgoLMzC2VwU+C/CbS7uRL0lWmxDITmqm7C+7F0Odmj6s9l6alZc6AELXhrnggM2CeWSXHGOdX2YtwA==
    dependencies:
      agent-base "6"
      debug "4"
  
  ieee754@^1.1.13:
    version "1.2.1"
    resolved "https://registry.yarnpkg.com/ieee754/-/ieee754-1.2.1.tgz#8eb7a10a63fff25d15a57b001586d177d1b0d352"
    integrity sha512-dcyqhDvX1C46lXZcVqCpK+FtMRQVdIMN6/Df5js2zouUsqG7I6sFxitIC+7KYK29KdXOLHdu9zL4sFnoVQnqaA==
  
  import-fresh@^3.2.1:
    version "3.3.0"
    resolved "https://registry.yarnpkg.com/import-fresh/-/import-fresh-3.3.0.tgz#37162c25fcb9ebaa2e6e53d5b4d88ce17d9e0c2b"
    integrity sha512-veYYhQa+D1QBKznvhUHxb8faxlrwUnxseDAbAp457E0wLNio2bOSKnjYDhMj+YiAq61xrMGhQk9iXVk5FzgQMw==
    dependencies:
      parent-module "^1.0.0"
      resolve-from "^4.0.0"
  
  inflight@^1.0.4:
    version "1.0.6"
    resolved "https://registry.yarnpkg.com/inflight/-/inflight-1.0.6.tgz#49bd6331d7d02d0c09bc910a1075ba8165b56df9"
    integrity sha512-k92I/b08q4wvFscXCLvqfsHCrjrF7yiXsQuIVvVE7N82W3+aqpzuUdBbfhWcy/FZR3/4IgflMgKLOsvPDrGCJA==
    dependencies:
      once "^1.3.0"
      wrappy "1"
  
  inherits@2, inherits@^2.0.3, inherits@^2.0.4:
    version "2.0.4"
    resolved "https://registry.yarnpkg.com/inherits/-/inherits-2.0.4.tgz#0fa2c64f932917c3433a0ded55363aae37416b7c"
    integrity sha512-k/vGaX4/Yla3WzyMCvTQOXYeIHvqOKtnqBduzTHpzpQZzAskKMhZ2K+EnBiSM9zGSoIFeMpXKxa4dYeZIQqewQ==
  
  ip@^2.0.0:
    version "2.0.0"
    resolved "https://registry.yarnpkg.com/ip/-/ip-2.0.0.tgz#4cf4ab182fee2314c75ede1276f8c80b479936da"
    integrity sha512-WKa+XuLG1A1R0UWhl2+1XQSi+fZWMsYKffMZTTYsiZaUD8k2yDAj5atimTUD2TZkyCkNEeYE5NhFZmupOGtjYQ==
  
  is-arrayish@^0.2.1:
    version "0.2.1"
    resolved "https://registry.yarnpkg.com/is-arrayish/-/is-arrayish-0.2.1.tgz#77c99840527aa8ecb1a8ba697b80645a7a926a9d"
    integrity sha512-zz06S8t0ozoDXMG+ube26zeCTNXcKIPJZJi8hBrF4idCLms4CG9QtK7qBl1boi5ODzFpjswb5JPmHCbMpjaYzg==
  
  js-tokens@^4.0.0:
    version "4.0.0"
    resolved "https://registry.yarnpkg.com/js-tokens/-/js-tokens-4.0.0.tgz#19203fb59991df98e3a287050d4647cdeaf32499"
    integrity sha512-RdJUflcE3cUzKiMqQgsCu06FPu9UdIJO0beYbPhHN4k6apgJtifcoCtT9bcxOpYBtpD2kCM6Sbzg4CausW/PKQ==
  
  js-yaml@^4.1.0:
    version "4.1.0"
    resolved "https://registry.yarnpkg.com/js-yaml/-/js-yaml-4.1.0.tgz#c1fb65f8f5017901cdd2c951864ba18458a10602"
    integrity sha512-wpxZs9NoxZaJESJGIZTyDEaYpl0FKSA+FB9aJiyemKhMwkxQg63h4T1KJgUGHpTqPDNRcmmYLugrRjJlBtWvRA==
    dependencies:
      argparse "^2.0.1"
  
  json-parse-even-better-errors@^2.3.0:
    version "2.3.1"
    resolved "https://registry.yarnpkg.com/json-parse-even-better-errors/-/json-parse-even-better-errors-2.3.1.tgz#7c47805a94319928e05777405dc12e1f7a4ee02d"
    integrity sha512-xyFwyhro/JEof6Ghe2iz2NcXoj2sloNsWr/XsERDK/oiPCfaNhl5ONfp+jQdAZRQQ0IJWNzH9zIZF7li91kh2w==
  
  kareem@2.5.1:
    version "2.5.1"
    resolved "https://registry.yarnpkg.com/kareem/-/kareem-2.5.1.tgz#7b8203e11819a8e77a34b3517d3ead206764d15d"
    integrity sha512-7jFxRVm+jD+rkq3kY0iZDJfsO2/t4BBPeEb2qKn2lR/9KhuksYk5hxzfRYWMPV8P/x2d0kHD306YyWLzjjH+uA==
  
  lines-and-columns@^1.1.6:
    version "1.2.4"
    resolved "https://registry.yarnpkg.com/lines-and-columns/-/lines-and-columns-1.2.4.tgz#eca284f75d2965079309dc0ad9255abb2ebc1632"
    integrity sha512-7ylylesZQ/PV29jhEDl3Ufjo6ZX7gCqJr5F7PKrqc93v7fzSymt1BpwEU8nAUXs8qzzvqhbjhK5QZg6Mt/HkBg==
  
  memory-pager@^1.0.2:
    version "1.5.0"
    resolved "https://registry.yarnpkg.com/memory-pager/-/memory-pager-1.5.0.tgz#d8751655d22d384682741c972f2c3d6dfa3e66b5"
    integrity sha512-ZS4Bp4r/Zoeq6+NLJpP+0Zzm0pR8whtGPf1XExKLJBAczGMnSi3It14OiNCStjQjM6NU1okjQGSxgEZN8eBYKg==
  
  minimatch@^3.1.1:
    version "3.1.2"
    resolved "https://registry.yarnpkg.com/minimatch/-/minimatch-3.1.2.tgz#19cd194bfd3e428f049a70817c038d89ab4be35b"
    integrity sha512-J7p63hRiAjw1NDEww1W7i37+ByIrOWO5XQQAzZ3VOcL0PNybwpfmV/N05zFAzwQ9USyEcX6t3UO+K5aqBQOIHw==
    dependencies:
      brace-expansion "^1.1.7"
  
  mkdirp-classic@^0.5.2:
    version "0.5.3"
    resolved "https://registry.yarnpkg.com/mkdirp-classic/-/mkdirp-classic-0.5.3.tgz#fa10c9115cc6d8865be221ba47ee9bed78601113"
    integrity sha512-gKLcREMhtuZRwRAfqP3RFW+TK4JqApVBtOIftVgjuABpAtpxhPGaDcfvbhNvD0B8iD1oUr/txX35NjcaY6Ns/A==
  
  mongodb-connection-string-url@^2.5.4:
    version "2.6.0"
    resolved "https://registry.yarnpkg.com/mongodb-connection-string-url/-/mongodb-connection-string-url-2.6.0.tgz#57901bf352372abdde812c81be47b75c6b2ec5cf"
    integrity sha512-WvTZlI9ab0QYtTYnuMLgobULWhokRjtC7db9LtcVfJ+Hsnyr5eo6ZtNAt3Ly24XZScGMelOcGtm7lSn0332tPQ==
    dependencies:
      "@types/whatwg-url" "^8.2.1"
      whatwg-url "^11.0.0"
  
  mongodb@4.13.0:
    version "4.13.0"
    resolved "https://registry.yarnpkg.com/mongodb/-/mongodb-4.13.0.tgz#2aa832b827e2891eb2e52e8235c201cbb4701ed2"
    integrity sha512-+taZ/bV8d1pYuHL4U+gSwkhmDrwkWbH1l4aah4YpmpscMwgFBkufIKxgP/G7m87/NUuQzc2Z75ZTI7ZOyqZLbw==
    dependencies:
      bson "^4.7.0"
      mongodb-connection-string-url "^2.5.4"
      socks "^2.7.1"
    optionalDependencies:
      "@aws-sdk/credential-providers" "^3.186.0"
      saslprep "^1.0.3"
  
  mongoose@^6.9.0:
    version "6.9.0"
    resolved "https://registry.yarnpkg.com/mongoose/-/mongoose-6.9.0.tgz#cfc5acb2e4aa8188eb248e98a920a829ffcc273d"
    integrity sha512-5tu6+trwjk5TIH6b6iYgAwmzZ0RNOxFoqXQb9h21Oi45DeM1rWM/niHxJ4ROqBISDfQMwRvLSABHTsyn3AzoFQ==
    dependencies:
      bson "^4.7.0"
      kareem "2.5.1"
      mongodb "4.13.0"
      mpath "0.9.0"
      mquery "4.0.3"
      ms "2.1.3"
      sift "16.0.1"
  
  mpath@0.9.0:
    version "0.9.0"
    resolved "https://registry.yarnpkg.com/mpath/-/mpath-0.9.0.tgz#0c122fe107846e31fc58c75b09c35514b3871904"
    integrity sha512-ikJRQTk8hw5DEoFVxHG1Gn9T/xcjtdnOKIU1JTmGjZZlg9LST2mBLmcX3/ICIbgJydT2GOc15RnNy5mHmzfSew==
  
  mquery@4.0.3:
    version "4.0.3"
    resolved "https://registry.yarnpkg.com/mquery/-/mquery-4.0.3.tgz#4d15f938e6247d773a942c912d9748bd1965f89d"
    integrity sha512-J5heI+P08I6VJ2Ky3+33IpCdAvlYGTSUjwTPxkAr8i8EoduPMBX2OY/wa3IKZIQl7MU4SbFk8ndgSKyB/cl1zA==
    dependencies:
      debug "4.x"
  
  ms@2.1.2:
    version "2.1.2"
    resolved "https://registry.yarnpkg.com/ms/-/ms-2.1.2.tgz#d09d1f357b443f493382a8eb3ccd183872ae6009"
    integrity sha512-sGkPx+VjMtmA6MX27oA4FBFELFCZZ4S4XqeGOXCv68tT+jb3vk/RyaKWP0PTKyWtmLSM0b+adUTEvbs1PEaH2w==
  
  ms@2.1.3:
    version "2.1.3"
    resolved "https://registry.yarnpkg.com/ms/-/ms-2.1.3.tgz#574c8138ce1d2b5861f0b44579dbadd60c6615b2"
    integrity sha512-6FlzubTLZG3J2a/NVCAleEhjzq5oxgHyaCU9yYXvcLsvoVaHJq/s5xXI6/XXP6tz7R9xAOtHnSO/tXtF3WRTlA==
  
  node-fetch@2.6.7:
    version "2.6.7"
    resolved "https://registry.yarnpkg.com/node-fetch/-/node-fetch-2.6.7.tgz#24de9fba827e3b4ae44dc8b20256a379160052ad"
    integrity sha512-ZjMPFEfVx5j+y2yF35Kzx5sF7kDzxuDj6ziH4FFbOp87zKDZNx8yExJIb05OGF4Nlt9IHFIMBkRl41VdvcNdbQ==
    dependencies:
      whatwg-url "^5.0.0"
  
  once@^1.3.0, once@^1.3.1, once@^1.4.0:
    version "1.4.0"
    resolved "https://registry.yarnpkg.com/once/-/once-1.4.0.tgz#583b1aa775961d4b113ac17d9c50baef9dd76bd1"
    integrity sha512-lNaJgI+2Q5URQBkccEKHTQOPaXdUxnZZElQTZY0MFUAuaEqe1E+Nyvgdz/aIyNi6Z9MzO5dv1H8n58/GELp3+w==
    dependencies:
      wrappy "1"
  
  parent-module@^1.0.0:
    version "1.0.1"
    resolved "https://registry.yarnpkg.com/parent-module/-/parent-module-1.0.1.tgz#691d2709e78c79fae3a156622452d00762caaaa2"
    integrity sha512-GQ2EWRpQV8/o+Aw8YqtfZZPfNRWZYkbidE9k5rpl/hC3vtHHBfGm2Ifi6qWV+coDGkrUKZAxE3Lot5kcsRlh+g==
    dependencies:
      callsites "^3.0.0"
  
  parse-json@^5.0.0:
    version "5.2.0"
    resolved "https://registry.yarnpkg.com/parse-json/-/parse-json-5.2.0.tgz#c76fc66dee54231c962b22bcc8a72cf2f99753cd"
    integrity sha512-ayCKvm/phCGxOkYRSCM82iDwct8/EonSEgCSxWxD7ve6jHggsFl4fZVQBPRNgQoKiuV/odhFrGzQXZwbifC8Rg==
    dependencies:
      "@babel/code-frame" "^7.0.0"
      error-ex "^1.3.1"
      json-parse-even-better-errors "^2.3.0"
      lines-and-columns "^1.1.6"
  
  path-is-absolute@^1.0.0:
    version "1.0.1"
    resolved "https://registry.yarnpkg.com/path-is-absolute/-/path-is-absolute-1.0.1.tgz#174b9268735534ffbc7ace6bf53a5a9e1b5c5f5f"
    integrity sha512-AVbw3UJ2e9bq64vSaS9Am0fje1Pa8pbGqTTsmXfaIiMpnr5DlDhfJOuLj9Sf95ZPVDAUerDfEk88MPmPe7UCQg==
  
  path-type@^4.0.0:
    version "4.0.0"
    resolved "https://registry.yarnpkg.com/path-type/-/path-type-4.0.0.tgz#84ed01c0a7ba380afe09d90a8c180dcd9d03043b"
    integrity sha512-gDKb8aZMDeD/tZWs9P6+q0J9Mwkdl6xMV8TjnGP3qJVJ06bdMgkbBlLU8IdfOsIsFz2BW1rNVT3XuNEl8zPAvw==
  
  pend@~1.2.0:
    version "1.2.0"
    resolved "https://registry.yarnpkg.com/pend/-/pend-1.2.0.tgz#7a57eb550a6783f9115331fcf4663d5c8e007a50"
    integrity sha512-F3asv42UuXchdzt+xXqfW1OGlVBe+mxa2mqI0pg5yAHZPvFmY3Y6drSf/GQ1A86WgWEN9Kzh/WrgKa6iGcHXLg==
  
  progress@2.0.3:
    version "2.0.3"
    resolved "https://registry.yarnpkg.com/progress/-/progress-2.0.3.tgz#7e8cf8d8f5b8f239c1bc68beb4eb78567d572ef8"
    integrity sha512-7PiHtLll5LdnKIMw100I+8xJXR5gW2QwWYkT6iJva0bXitZKa/XMrSbdmg3r2Xnaidz9Qumd0VPaMrZlF9V9sA==
  
  proxy-from-env@1.1.0:
    version "1.1.0"
    resolved "https://registry.yarnpkg.com/proxy-from-env/-/proxy-from-env-1.1.0.tgz#e102f16ca355424865755d2c9e8ea4f24d58c3e2"
    integrity sha512-D+zkORCbA9f1tdWRK0RaCR3GPv50cMxcrz4X8k5LTSUD1Dkw47mKJEZQNunItRTkWwgtaUSo1RVFRIG9ZXiFYg==
  
  pump@^3.0.0:
    version "3.0.0"
    resolved "https://registry.yarnpkg.com/pump/-/pump-3.0.0.tgz#b4a2116815bde2f4e1ea602354e8c75565107a64"
    integrity sha512-LwZy+p3SFs1Pytd/jYct4wpv49HiYCqd9Rlc5ZVdk0V+8Yzv6jR5Blk3TRmPL1ft69TxP0IMZGJ+WPFU2BFhww==
    dependencies:
      end-of-stream "^1.1.0"
      once "^1.3.1"
  
  punycode@^2.1.1:
    version "2.3.0"
    resolved "https://registry.yarnpkg.com/punycode/-/punycode-2.3.0.tgz#f67fa67c94da8f4d0cfff981aee4118064199b8f"
    integrity sha512-rRV+zQD8tVFys26lAGR9WUuS4iUAngJScM+ZRSKtvl5tKeZ2t5bvdNFdNHBW9FWR4guGHlgmsZ1G7BSm2wTbuA==
  
  puppeteer-core@19.6.3:
    version "19.6.3"
    resolved "https://registry.yarnpkg.com/puppeteer-core/-/puppeteer-core-19.6.3.tgz#e3334fbb4ccb2c1ca6f4597e2f082de5a80599da"
    integrity sha512-8MbhioSlkDaHkmolpQf9Z7ui7jplFfOFTnN8d5kPsCazRRTNIH6/bVxPskn0v5Gh9oqOBlknw0eHH0/OBQAxpQ==
    dependencies:
      cross-fetch "3.1.5"
      debug "4.3.4"
      devtools-protocol "0.0.1082910"
      extract-zip "2.0.1"
      https-proxy-agent "5.0.1"
      proxy-from-env "1.1.0"
      rimraf "3.0.2"
      tar-fs "2.1.1"
      unbzip2-stream "1.4.3"
      ws "8.11.0"
  
  puppeteer@^19.6.3:
    version "19.6.3"
    resolved "https://registry.yarnpkg.com/puppeteer/-/puppeteer-19.6.3.tgz#4edc7ea87f7e7e7b2885395326a6c9e5a222a10b"
    integrity sha512-K03xTtGDwS6cBXX/EoqoZxglCUKcX2SLIl92fMnGMRjYpPGXoAV2yKEh3QXmXzKqfZXd8TxjjFww+tEttWv8kw==
    dependencies:
      cosmiconfig "8.0.0"
      https-proxy-agent "5.0.1"
      progress "2.0.3"
      proxy-from-env "1.1.0"
      puppeteer-core "19.6.3"
  
  readable-stream@^3.1.1, readable-stream@^3.4.0:
    version "3.6.0"
    resolved "https://registry.yarnpkg.com/readable-stream/-/readable-stream-3.6.0.tgz#337bbda3adc0706bd3e024426a286d4b4b2c9198"
    integrity sha512-BViHy7LKeTz4oNnkcLJ+lVSL6vpiFeX6/d3oSH8zCW7UxP2onchk+vTGB143xuFjHS3deTgkKoXXymXqymiIdA==
    dependencies:
      inherits "^2.0.3"
      string_decoder "^1.1.1"
      util-deprecate "^1.0.1"
  
  resolve-from@^4.0.0:
    version "4.0.0"
    resolved "https://registry.yarnpkg.com/resolve-from/-/resolve-from-4.0.0.tgz#4abcd852ad32dd7baabfe9b40e00a36db5f392e6"
    integrity sha512-pb/MYmXstAkysRFx8piNI1tGFNQIFA3vkE3Gq4EuA1dF6gHp/+vgZqsCGJapvy8N3Q+4o7FwvquPJcnZ7RYy4g==
  
  rimraf@3.0.2:
    version "3.0.2"
    resolved "https://registry.yarnpkg.com/rimraf/-/rimraf-3.0.2.tgz#f1a5402ba6220ad52cc1282bac1ae3aa49fd061a"
    integrity sha512-JZkJMZkAGFFPP2YqXZXPbMlMBgsxzE8ILs4lMIX/2o0L9UBw9O/Y3o6wFw/i9YLapcUJWwqbi3kdxIPdC62TIA==
    dependencies:
      glob "^7.1.3"
  
  safe-buffer@~5.2.0:
    version "5.2.1"
    resolved "https://registry.yarnpkg.com/safe-buffer/-/safe-buffer-5.2.1.tgz#1eaf9fa9bdb1fdd4ec75f58f9cdb4e6b7827eec6"
    integrity sha512-rp3So07KcdmmKbGvgaNxQSJr7bGVSVk5S9Eq1F+ppbRo70+YeaDxkw5Dd8NPN+GD6bjnYm2VuPuCXmpuYvmCXQ==
  
  saslprep@^1.0.3:
    version "1.0.3"
    resolved "https://registry.yarnpkg.com/saslprep/-/saslprep-1.0.3.tgz#4c02f946b56cf54297e347ba1093e7acac4cf226"
    integrity sha512-/MY/PEMbk2SuY5sScONwhUDsV2p77Znkb/q3nSVstq/yQzYJOH/Azh29p9oJLsl3LnQwSvZDKagDGBsBwSooag==
    dependencies:
      sparse-bitfield "^3.0.3"
  
  sift@16.0.1:
    version "16.0.1"
    resolved "https://registry.yarnpkg.com/sift/-/sift-16.0.1.tgz#e9c2ccc72191585008cf3e36fc447b2d2633a053"
    integrity sha512-Wv6BjQ5zbhW7VFefWusVP33T/EM0vYikCaQ2qR8yULbsilAT8/wQaXvuQ3ptGLpoKx+lihJE3y2UTgKDyyNHZQ==
  
  smart-buffer@^4.2.0:
    version "4.2.0"
    resolved "https://registry.yarnpkg.com/smart-buffer/-/smart-buffer-4.2.0.tgz#6e1d71fa4f18c05f7d0ff216dd16a481d0e8d9ae"
    integrity sha512-94hK0Hh8rPqQl2xXc3HsaBoOXKV20MToPkcXvwbISWLEs+64sBq5kFgn2kJDHb1Pry9yrP0dxrCI9RRci7RXKg==
  
  socks@^2.7.1:
    version "2.7.1"
    resolved "https://registry.yarnpkg.com/socks/-/socks-2.7.1.tgz#d8e651247178fde79c0663043e07240196857d55"
    integrity sha512-7maUZy1N7uo6+WVEX6psASxtNlKaNVMlGQKkG/63nEDdLOWNbiUMoLK7X4uYoLhQstau72mLgfEWcXcwsaHbYQ==
    dependencies:
      ip "^2.0.0"
      smart-buffer "^4.2.0"
  
  sparse-bitfield@^3.0.3:
    version "3.0.3"
    resolved "https://registry.yarnpkg.com/sparse-bitfield/-/sparse-bitfield-3.0.3.tgz#ff4ae6e68656056ba4b3e792ab3334d38273ca11"
    integrity sha512-kvzhi7vqKTfkh0PZU+2D2PIllw2ymqJKujUcyPMd9Y75Nv4nPbGJZXNhxsgdQab2BmlDct1YnfQCguEvHr7VsQ==
    dependencies:
      memory-pager "^1.0.2"
  
  string_decoder@^1.1.1:
    version "1.3.0"
    resolved "https://registry.yarnpkg.com/string_decoder/-/string_decoder-1.3.0.tgz#42f114594a46cf1a8e30b0a84f56c78c3edac21e"
    integrity sha512-hkRX8U1WjJFd8LsDJ2yQ/wWWxaopEsABU1XfkM8A+j0+85JAGppt16cr1Whg6KIbb4okU6Mql6BOj+uup/wKeA==
    dependencies:
      safe-buffer "~5.2.0"
  
  strnum@^1.0.5:
    version "1.0.5"
    resolved "https://registry.yarnpkg.com/strnum/-/strnum-1.0.5.tgz#5c4e829fe15ad4ff0d20c3db5ac97b73c9b072db"
    integrity sha512-J8bbNyKKXl5qYcR36TIO8W3mVGVHrmmxsd5PAItGkmyzwJvybiw2IVq5nqd0i4LSNSkB/sx9VHllbfFdr9k1JA==
  
  supports-color@^5.3.0:
    version "5.5.0"
    resolved "https://registry.yarnpkg.com/supports-color/-/supports-color-5.5.0.tgz#e2e69a44ac8772f78a1ec0b35b689df6530efc8f"
    integrity sha512-QjVjwdXIt408MIiAqCX4oUKsgU2EqAGzs2Ppkm4aQYbjm+ZEWEcW4SfFNTr4uMNZma0ey4f5lgLrkB0aX0QMow==
    dependencies:
      has-flag "^3.0.0"
  
  tar-fs@2.1.1:
    version "2.1.1"
    resolved "https://registry.yarnpkg.com/tar-fs/-/tar-fs-2.1.1.tgz#489a15ab85f1f0befabb370b7de4f9eb5cbe8784"
    integrity sha512-V0r2Y9scmbDRLCNex/+hYzvp/zyYjvFbHPNgVTKfQvVrb6guiE/fxP+XblDNR011utopbkex2nM4dHNV6GDsng==
    dependencies:
      chownr "^1.1.1"
      mkdirp-classic "^0.5.2"
      pump "^3.0.0"
      tar-stream "^2.1.4"
  
  tar-stream@^2.1.4:
    version "2.2.0"
    resolved "https://registry.yarnpkg.com/tar-stream/-/tar-stream-2.2.0.tgz#acad84c284136b060dc3faa64474aa9aebd77287"
    integrity sha512-ujeqbceABgwMZxEJnk2HDY2DlnUZ+9oEcb1KzTVfYHio0UE6dG71n60d8D2I4qNvleWrrXpmjpt7vZeF1LnMZQ==
    dependencies:
      bl "^4.0.3"
      end-of-stream "^1.4.1"
      fs-constants "^1.0.0"
      inherits "^2.0.3"
      readable-stream "^3.1.1"
  
  through@^2.3.8:
    version "2.3.8"
    resolved "https://registry.yarnpkg.com/through/-/through-2.3.8.tgz#0dd4c9ffaabc357960b1b724115d7e0e86a2e1f5"
    integrity sha512-w89qg7PI8wAdvX60bMDP+bFoD5Dvhm9oLheFp5O4a2QF0cSBGsBX4qZmadPMvVqlLJBBci+WqGGOAPvcDeNSVg==
  
  tr46@^3.0.0:
    version "3.0.0"
    resolved "https://registry.yarnpkg.com/tr46/-/tr46-3.0.0.tgz#555c4e297a950617e8eeddef633c87d4d9d6cbf9"
    integrity sha512-l7FvfAHlcmulp8kr+flpQZmVwtu7nfRV7NZujtN0OqES8EL4O4e0qqzL0DC5gAvx/ZC/9lk6rhcUwYvkBnBnYA==
    dependencies:
      punycode "^2.1.1"
  
  tr46@~0.0.3:
    version "0.0.3"
    resolved "https://registry.yarnpkg.com/tr46/-/tr46-0.0.3.tgz#8184fd347dac9cdc185992f3a6622e14b9d9ab6a"
    integrity sha512-N3WMsuqV66lT30CrXNbEjx4GEwlow3v6rr4mCcv6prnfwhS01rkgyFdjPNBYd9br7LpXV1+Emh01fHnq2Gdgrw==
  
  tslib@^1.11.1:
    version "1.14.1"
    resolved "https://registry.yarnpkg.com/tslib/-/tslib-1.14.1.tgz#cf2d38bdc34a134bcaf1091c41f6619e2f672d00"
    integrity sha512-Xni35NKzjgMrwevysHTCArtLDpPvye8zV/0E4EyYn43P7/7qvQwPh9BGkHewbMulVntbigmcT7rdX3BNo9wRJg==
  
  tslib@^2.3.1:
    version "2.5.0"
    resolved "https://registry.yarnpkg.com/tslib/-/tslib-2.5.0.tgz#42bfed86f5787aeb41d031866c8f402429e0fddf"
    integrity sha512-336iVw3rtn2BUK7ORdIAHTyxHGRIHVReokCR3XjbckJMK7ms8FysBfhLR8IXnAgy7T0PTPNBWKiH514FOW/WSg==
  
  unbzip2-stream@1.4.3:
    version "1.4.3"
    resolved "https://registry.yarnpkg.com/unbzip2-stream/-/unbzip2-stream-1.4.3.tgz#b0da04c4371311df771cdc215e87f2130991ace7"
    integrity sha512-mlExGW4w71ebDJviH16lQLtZS32VKqsSfk80GCfUlwT/4/hNRFsoscrF/c++9xinkMzECL1uL9DDwXqFWkruPg==
    dependencies:
      buffer "^5.2.1"
      through "^2.3.8"
  
  util-deprecate@^1.0.1:
    version "1.0.2"
    resolved "https://registry.yarnpkg.com/util-deprecate/-/util-deprecate-1.0.2.tgz#450d4dc9fa70de732762fbd2d4a28981419a0ccf"
    integrity sha512-EPD5q1uXyFxJpCrLnCc1nHnq3gOa6DZBocAIiI2TaSCA7VCJ1UJDMagCzIkXNsUYfD1daK//LTEQ8xiIbrHtcw==
  
  uuid@^8.3.2:
    version "8.3.2"
    resolved "https://registry.yarnpkg.com/uuid/-/uuid-8.3.2.tgz#80d5b5ced271bb9af6c445f21a1a04c606cefbe2"
    integrity sha512-+NYs2QeMWy+GWFOEm9xnn6HCDp0l7QBD7ml8zLUmJ+93Q5NF0NocErnwkTkXVFNiX3/fpC6afS8Dhb/gz7R7eg==
  
  webidl-conversions@^3.0.0:
    version "3.0.1"
    resolved "https://registry.yarnpkg.com/webidl-conversions/-/webidl-conversions-3.0.1.tgz#24534275e2a7bc6be7bc86611cc16ae0a5654871"
    integrity sha512-2JAn3z8AR6rjK8Sm8orRC0h/bcl/DqL7tRPdGZ4I1CjdF+EaMLmYxBHyXuKL849eucPFhvBoxMsflfOb8kxaeQ==
  
  webidl-conversions@^7.0.0:
    version "7.0.0"
    resolved "https://registry.yarnpkg.com/webidl-conversions/-/webidl-conversions-7.0.0.tgz#256b4e1882be7debbf01d05f0aa2039778ea080a"
    integrity sha512-VwddBukDzu71offAQR975unBIGqfKZpM+8ZX6ySk8nYhVoo5CYaZyzt3YBvYtRtO+aoGlqxPg/B87NGVZ/fu6g==
  
  whatwg-url@^11.0.0:
    version "11.0.0"
    resolved "https://registry.yarnpkg.com/whatwg-url/-/whatwg-url-11.0.0.tgz#0a849eebb5faf2119b901bb76fd795c2848d4018"
    integrity sha512-RKT8HExMpoYx4igMiVMY83lN6UeITKJlBQ+vR/8ZJ8OCdSiN3RwCq+9gH0+Xzj0+5IrM6i4j/6LuvzbZIQgEcQ==
    dependencies:
      tr46 "^3.0.0"
      webidl-conversions "^7.0.0"
  
  whatwg-url@^5.0.0:
    version "5.0.0"
    resolved "https://registry.yarnpkg.com/whatwg-url/-/whatwg-url-5.0.0.tgz#966454e8765462e37644d3626f6742ce8b70965d"
    integrity sha512-saE57nupxk6v3HY35+jzBwYa0rKSy0XR8JSxZPwgLr7ys0IBzhGviA1/TUGJLmSVqs8pb9AnvICXEuOHLprYTw==
    dependencies:
      tr46 "~0.0.3"
      webidl-conversions "^3.0.0"
  
  wrappy@1:
    version "1.0.2"
    resolved "https://registry.yarnpkg.com/wrappy/-/wrappy-1.0.2.tgz#b5243d8f3ec1aa35f1364605bc0d1036e30ab69f"
    integrity sha512-l4Sp/DRseor9wL6EvV2+TuQn63dMkPjZ/sp9XkghTEbV9KlPS1xUsZ3u7/IQO4wxtcFB4bgpQPRcR3QCvezPcQ==
  
  ws@8.11.0:
    version "8.11.0"
    resolved "https://registry.yarnpkg.com/ws/-/ws-8.11.0.tgz#6a0d36b8edfd9f96d8b25683db2f8d7de6e8e143"
    integrity sha512-HPG3wQd9sNQoT9xHyNCXoDUa+Xw/VevmY9FoHyQ+g+rrMn4j6FB4np7Z0OhdTgjx6MgQLK7jwSy1YecU1+4Asg==
  
  yauzl@^2.10.0:
    version "2.10.0"
    resolved "https://registry.yarnpkg.com/yauzl/-/yauzl-2.10.0.tgz#c7eb17c93e112cb1086fa6d8e51fb0667b79a5f9"
    integrity sha512-p4a9I6X6nu6IhoGmBqAcbJy1mlC4j27vEPZX9F4L4/vZT3Lyq1VkFHw/V/PUcB9Buo+DG3iHkT0x3Qya58zc3g==
    dependencies:
      buffer-crc32 "~0.2.3"
      fd-slicer "~1.1.0"
